###########################################################
# Generated by:    Cadence Innovus 20.10-p004_1
# OS:              Linux x86_64 (Host ID ictc-eda-be-9-ldap)
# Generated on:    Sat Jul  5 14:20:45 2025
# Design:          croc_chip
# Command:         check_library -place
# Help:
#    Y -> Check passed
#    N -> Check failed
#    Use check_library -place -cell <cell> for more details
###########################################################

  CELL                               DRC  PinAccess PinTrackAlign
sg13g2_a21o_1                         Y       Y           Y 
sky130_fd_sc_hd__tapvpwrvgnd_1        Y       Y           Y 
sg13g2_a21o_2                         Y       Y           Y 
sg13g2_a21oi_1                        Y       Y           Y 
sg13g2_a21oi_2                        Y       Y           Y 
sg13g2_a221oi_1                       Y       Y           Y 
sg13g2_a22oi_1                        Y       Y           Y 
sg13g2_and2_1                         Y       Y           Y 
sg13g2_and2_2                         Y       Y           Y 
sg13g2_and3_1                         Y       Y           Y 
sg13g2_and3_2                         Y       Y           Y 
sg13g2_and4_1                         Y       Y           Y 
sg13g2_and4_2                         Y       Y           Y 
sg13g2_antennanp                      Y       Y           Y 
sg13g2_buf_1                          Y       Y           Y 
sg13g2_buf_16                         Y       Y           Y 
sg13g2_buf_2                          Y       Y           Y 
sg13g2_buf_4                          Y       Y           Y 
sg13g2_buf_8                          Y       Y           Y 
sg13g2_decap_4                        Y       Y           Y 
sg13g2_decap_8                        Y       Y           Y 
sg13g2_dfrbp_1                        Y       Y           Y 
sg13g2_dfrbp_2                        Y       Y           Y 
sg13g2_dlhq_1                         Y       Y           Y 
sg13g2_dlhr_1                         Y       Y           Y 
sg13g2_dlhrq_1                        Y       Y           Y 
sg13g2_dllr_1                         Y       Y           Y 
sg13g2_dllrq_1                        Y       Y           Y 
sg13g2_dlygate4sd1_1                  Y       Y           Y 
sg13g2_dlygate4sd2_1                  Y       Y           Y 
sg13g2_dlygate4sd3_1                  Y       Y           Y 
sg13g2_ebufn_2                        Y       Y           Y 
sg13g2_ebufn_4                        Y       Y           Y 
sg13g2_ebufn_8                        Y       Y           Y 
sg13g2_einvn_2                        Y       Y           Y 
sg13g2_einvn_4                        Y       Y           Y 
sg13g2_einvn_8                        Y       Y           Y 
sg13g2_fill_1                         Y       Y           Y 
sg13g2_fill_2                         Y       Y           Y 
sg13g2_fill_4                         Y       Y           Y 
sg13g2_fill_8                         Y       Y           Y 
sg13g2_inv_1                          Y       Y           Y 
sg13g2_inv_16                         Y       Y           Y 
sg13g2_inv_2                          Y       Y           Y 
sg13g2_inv_4                          Y       Y           Y 
sg13g2_inv_8                          Y       Y           Y 
sg13g2_lgcp_1                         Y       Y           Y 
sg13g2_mux2_1                         Y       Y           Y 
sg13g2_mux2_2                         Y       Y           Y 
sg13g2_mux4_1                         Y       Y           Y 
sg13g2_nand2_1                        Y       Y           Y 
sg13g2_nand2_2                        Y       Y           Y 
sg13g2_nand2b_1                       Y       Y           Y 
sg13g2_nand2b_2                       Y       Y           Y 
sg13g2_nand3_1                        Y       Y           Y 
sg13g2_nand3b_1                       Y       Y           Y 
sg13g2_nand4_1                        Y       Y           Y 
sg13g2_nor2_1                         Y       Y           Y 
sg13g2_nor2_2                         Y       Y           Y 
sg13g2_nor2b_1                        Y       Y           Y 
sg13g2_nor2b_2                        Y       Y           Y 
sg13g2_nor3_1                         Y       Y           Y 
sg13g2_nor3_2                         Y       Y           Y 
sg13g2_nor4_1                         Y       Y           Y 
sg13g2_nor4_2                         Y       Y           Y 
sg13g2_o21ai_1                        Y       Y           Y 
sg13g2_or2_1                          Y       Y           Y 
sg13g2_or2_2                          Y       Y           Y 
sg13g2_or3_1                          Y       Y           Y 
sg13g2_or3_2                          Y       Y           Y 
sg13g2_or4_1                          Y       Y           Y 
sg13g2_or4_2                          Y       Y           Y 
sg13g2_sdfbbp_1                       Y       Y           Y 
sg13g2_sighold                        Y       Y           Y 
sg13g2_slgcp_1                        Y       Y           Y 
sg13g2_tiehi                          Y       Y           Y 
sg13g2_tielo                          Y       Y           Y 
sg13g2_xnor2_1                        Y       Y           Y 
sg13g2_xor2_1                         Y       Y           Y 
