###############################################################
#  Generated by:      Cadence Innovus 20.10-p004_1
#  OS:                Linux x86_64(Host ID ictc-eda-be-9-ldap)
#  Generated on:      Sat Jul  5 14:20:48 2025
#  Design:            croc_chip
#  Command:           checkDesign -all > rpt/00_init_design/check_design.rpt
###############################################################
Design: croc_chip

------ Design Summary:
Total Standard Cell Number   (cells) : 34132
Total Block Cell Number      (cells) : 2
Total I/O Pad Cell Number    (cells) : 64
Total Standard Cell Area     ( um^2) : 574165.07
Total Block Cell Area        ( um^2) : 186361.07
Total I/O Pad Cell Area      ( um^2) : 921600.00

------ Design Statistics:

Number of Instances            : 34198
Number of Non-uniquified Insts : 34197
Number of Nets                 : 40173
Average number of Pins per Net : 3.25
Maximum number of Pins in Net  : 5002

------ I/O Port summary

Number of Primary I/O Ports    : 48
Number of Input Ports          : 9
Number of Output Ports         : 7
Number of Bidirectional Ports  : 32
Number of Power/Ground Ports   : 0



------------------------------------------------------------
Detail report:


------ I/O Pad/Port Checking


