###############################################################
#  Generated by:      Cadence Innovus 20.10-p004_1
#  OS:                Linux x86_64(Host ID ictc-eda-be-9-ldap-1)
#  Generated on:      Sat Jun 20 08:09:01 2026
#  Design:            croc_chip
#  Command:           report_ccopt_clock_trees -file ./rpt/03_CTS/ccopt_clock_trees.rpt
###############################################################

Clock DAG stats:
================

---------------------------------------------------------------
Cell type                     Count    Area         Capacitance
---------------------------------------------------------------
Buffers                        186      2170.022       0.609
Inverters                        1         5.443       0.003
Integrated Clock Gates           0         0.000       0.000
Non-Integrated Clock Gates       0         0.000       0.000
Clock Logic                      3     28818.144       0.494
All                            190     30993.610       1.105
---------------------------------------------------------------


Clock DAG wire lengths:
=======================

--------------------
Type     Wire Length
--------------------
Top           0.000
Trunk     13197.700
Leaf      60765.155
Total     73962.855
--------------------


Clock DAG hp wire lengths:
==========================

-----------------------
Type     hp Wire Length
-----------------------
Top            0.000
Trunk       8179.810
Leaf       23852.274
Total      32032.084
-----------------------


Clock DAG capacitances:
=======================

-----------------------------------
Type     Gate      Wire      Total
-----------------------------------
Top       0.000     0.000     0.000
Trunk     1.105     2.227     3.332
Leaf     14.597    10.585    25.182
Total    15.702    12.812    28.514
-----------------------------------


Clock DAG sink capacitances:
============================

---------------------------------------------------------
Count    Total     Average    Std. Dev.    Min      Max
---------------------------------------------------------
5274     14.597     0.003       0.003      0.003    0.245
---------------------------------------------------------


Clock DAG net violations:
=========================

None


Clock DAG primary half-corner transition distribution:
======================================================

----------------------------------------------------------------------------------------------------------------------------------------------------------------------------------------------------------------------------
Net Type    Target    Count    Average    Std. Dev.    Min      Max      Distribution                                                                  Over Target
----------------------------------------------------------------------------------------------------------------------------------------------------------------------------------------------------------------------------
Trunk       0.500       22      0.145       0.103      0.044    0.409    {21 <= 0.300ns, 0 <= 0.400ns, 1 <= 0.450ns, 0 <= 0.475ns, 0 <= 0.500ns}                                         -
Leaf        0.500      171      0.417       0.119      0.037    1.294    {45 <= 0.300ns, 6 <= 0.400ns, 10 <= 0.450ns, 54 <= 0.475ns, 55 <= 0.500ns}    {0 <= 0.525ns, 0 <= 0.550ns, 0 <= 0.600ns, 0 <= 0.750ns, 1 > 0.750ns}
----------------------------------------------------------------------------------------------------------------------------------------------------------------------------------------------------------------------------


Clock DAG library cell distribution:
====================================

-------------------------------------------------
Name              Type        Inst     Inst Area 
                              Count    (um^2)
-------------------------------------------------
sg13g2_buf_16     buffer         5       226.800
sg13g2_buf_8      buffer         4        94.349
sg13g2_buf_4      buffer        45       653.184
sg13g2_buf_2      buffer       131      1188.432
sg13g2_buf_1      buffer         1         7.258
sg13g2_inv_1      inverter       1         5.443
sg13g2_IOPadIn    logic          2     28800.000
sg13g2_mux2_1     logic          1        18.144
-------------------------------------------------



Please note that the following tables reflect only the defined clock trees, so the flop counts might not include all flops in your design.

Clock Tree Summary:
===================

------------------------------------------------------------------------------------------------------------------------
Clock Tree  Clock  Bufs  Invs  Other  Max       Max     Max      Max          Standard   Wire    Gate    Clock Tree Root
Name        Gates              Clock  Non-leaf  Leaf    Length   Source-sink  cell area  cap     cap     
                               Cells  Fanout    Fanout  (um)     Resistance   (um^2)     (pF)    (pF)    
                                                                 (Ohms)                                  
------------------------------------------------------------------------------------------------------------------------
clk_jtg       0     11    1      2       10       32     249       2427.45    14537.894   0.642   1.074  jtag_tck_i
clk_rtc       0      0    0      0        0        1       0        262           0.000   0.001   0.245  ref_clk_i
clk_sys       0    175    0      1       31       32    1165.09    5765.45    16455.715  12.169  14.383  clk_i
------------------------------------------------------------------------------------------------------------------------

3 clock trees contain a total of 4 nets marked dont_touch, which will not have been buffered, and may have Design Rule Violations as a consequence.
3 clock trees contain a total of 4 nets marked ideal_network, which will not have been buffered, and may have Design Rule Violations as a consequence.

Clock Sink Summary:
===================

-------------------------------------------------------------------------------------------------------------------------------------------
Clock Tree  Explicit      Implicit      Explicit     Implicit     Explicit   Implicit   Posedge  Negedge  Memory  Enable  Non enable  Other
Name        exclude pins  exclude pins  ignore pins  ignore pins  stop pins  stop pins  Flops    Flops    Clock   Latch   Latch       Sinks
                                                                                                          Pins    Sinks   Sinks       
-------------------------------------------------------------------------------------------------------------------------------------------
clk_jtg          0             0             1            0           0          0        289       0       0       0         0         1
clk_rtc          0             0             1            0           0          0          0       0       0       0         0         1
clk_sys          0             0             0            0           0          0       4981       0       2       0         0         0
-------------------------------------------------------------------------------------------------------------------------------------------

Summary across all clock trees:
===============================

---------------------------------------------------------------------------------------------------------------
Clock  Bufs  Invs  Other  Max       Average   Max     Average  Max       Max          Standard   Wire    Gate
Gates              Clock  Non-leaf  Non-leaf  Leaf    Leaf     Length    Source-sink  cell area  cap     cap
                   Cells  Fanout    Fanout    Fanout  Fanout   (um)      Resistance   (um^2)     (pF)    (pF)
                                                                         (Ohms)                          
---------------------------------------------------------------------------------------------------------------
  0    186    1      3       31     8.63636     32    30.8421  1165.085    576.545    30993.610  12.812  15.702
---------------------------------------------------------------------------------------------------------------

Clock Sink Summary across all clock trees:
==========================================

-------------------------------------------------------------------------------------------------------------------------------
Explicit      Implicit      Explicit     Implicit     Explicit   Implicit   Posedge  Negedge  Memory  Enable  Non enable  Other
exclude pins  exclude pins  ignore pins  ignore pins  stop pins  stop pins  Flops    Flops    Clock   Latch   Latch       Sinks
                                                                                              Pins    Sinks   Sinks       
-------------------------------------------------------------------------------------------------------------------------------
     0             0             2            0           0          0       5270       0       2       0         0         2
-------------------------------------------------------------------------------------------------------------------------------

Physical metrics across all clock trees:
========================================

------------------------------------------------------------------------
Metric                               Minimum  Average  Maximum   Std.dev
------------------------------------------------------------------------
Source-sink routed net length (um)    0.000   140.155  1165.085  150.925
Source-sink manhattan distance (um)   0.000   129.310   909.680  137.218
Source-sink resistance (Ohm)         26.200   194.913   576.545   71.591
------------------------------------------------------------------------

Transition distribution for half-corner delay_wc:setup.late:
============================================================

----------------------------------------------------------------------------------------------------------------------------------------------------------------------------------------------------------------------------
Net Type    Target    Count    Average    Std. Dev.    Min      Max      Distribution                                                                  Over Target
----------------------------------------------------------------------------------------------------------------------------------------------------------------------------------------------------------------------------
Trunk       0.500       22      0.145       0.103      0.044    0.409    {21 <= 0.300ns, 0 <= 0.400ns, 1 <= 0.450ns, 0 <= 0.475ns, 0 <= 0.500ns}                                         -
Leaf        0.500      171      0.417       0.119      0.037    1.294    {45 <= 0.300ns, 6 <= 0.400ns, 10 <= 0.450ns, 54 <= 0.475ns, 55 <= 0.500ns}    {0 <= 0.525ns, 0 <= 0.550ns, 0 <= 0.600ns, 0 <= 0.750ns, 1 > 0.750ns}
----------------------------------------------------------------------------------------------------------------------------------------------------------------------------------------------------------------------------

Count of violations across all clock trees:
===========================================

---------------------------------------------------------------------------------------
Clock Tree  # Max capacitance  # Max resistance  # Max length  # Max fanout  # Slew
Name        violations         violations        violations    violations    violations
---------------------------------------------------------------------------------------
clk_jtg             0                 0               0             0            0
clk_rtc             0                 0               0             0            0
clk_sys             0                 0               0             0            3
---------------------------------------------------------------------------------------
Total               0                 0               0             0            3
---------------------------------------------------------------------------------------

Note the above table per clock tree is based on CCOpt clock tree view. The violations are counted across half corners.

Found a total of 0 clock tree pins with max capacitance violations.
Found a total of 0 clock tree nets with max resistance violations.
Found a total of 0 clock tree nets with max length violations.
Found a total of 0 clock tree nets with max fanout violations.
Found a total of 3 clock tree pins with a slew violation.

Slew violation summary across all clock trees - Top 3 violating pins:
=====================================================================

Target and measured clock slews (in ns):

------------------------------------------------------------------------------------------------------------------------------------------------------
Half corner          Violation  Slew    Slew      Dont   Ideal  Target            Pin
                     amount     target  achieved  touch  net?   source            
                                                  net?                            
------------------------------------------------------------------------------------------------------------------------------------------------------
delay_wc:setup.late    0.794    0.500    1.294    Y      N      liberty explicit  i_croc_soc/i_croc/gen_sram_bank_0__i_sram/gen_512x32xBx1_i_cut/A_CLK
delay_wc:setup.late    0.794    0.500    1.294    Y      N      liberty explicit  i_croc_soc/i_croc/gen_sram_bank_1__i_sram/gen_512x32xBx1_i_cut/A_CLK
delay_wc:setup.late    0.536    0.500    1.036    Y      N      liberty explicit  i_croc_soc/i_croc/manual_cts/X
------------------------------------------------------------------------------------------------------------------------------------------------------

Target sources:
auto extracted - target was extracted from SDC.
auto computed - target was computed when balancing trees.
explicit - target is explicitly set via target_max_trans property.
pin explicit - target is explicitly set for this pin via pin_target_max_trans property.
liberty explicit - target is explicitly set via max_transition from liberty library.

Found 3 pins on nets marked dont_touch that have slew violations.
Found 0 pins on nets marked dont_touch that do not have slew violations.
Found 0 pins on nets marked ideal_network that have slew violations.
Found 0 pins on nets marked ideal_network that do not have slew violations.


Report for clock tree: clk_jtg:
===============================

Clock Tree Gating Structure (Logical):

# Full cycle clock gates   : 0
Minimum clock gating depth : 0
Maximum clock gating depth : 0
Clock gate area (um^2)     : 0.000

Clock Tree Buffering Structure (Logical):

# Buffers             :  11
# Inverters           :   1
  Total               :  12
Minimum depth         :   2
Maximum depth         :   4
Buffering area (um^2) : 119.750

Clock Tree Level Structure (Logical):

-----------------------------------------------------------------
Level  Full   Posedge  Negedge  Memory  Enable  Non enable  Other
       Cycle  Flops    Flops    Clock   Latch   Latch       Sinks
                                Pins    Sinks   Sinks       
-----------------------------------------------------------------
root     0      289       0       0       0         0         1
-----------------------------------------------------------------
Total    0      289       0       0       0         0         1
-----------------------------------------------------------------

Target and measured clock slews (in ns):

-------------------------------------------------------------------------------------------------------------------------------
Timing Corner         Worst Rising  Worst Falling  Worst Rising  Worst Falling  Leaf Slew    Leaf Slew  Trunk Slew   Trunk Slew
                      Leaf Slew     Leaf Slew      Trunk Slew    Trunk Slew     Target Type  Target     Target Type  Target
-------------------------------------------------------------------------------------------------------------------------------
delay_bc:hold.early      0.229          0.170         0.088          0.103      ignored          -      ignored          -
delay_bc:hold.late       0.229          0.170         0.106          0.117      ignored          -      ignored          -
delay_wc:setup.early     0.497          0.372         0.123          0.159      ignored          -      ignored          -
delay_wc:setup.late      0.497          0.372         0.148          0.171      explicit      0.800     explicit      0.800
-------------------------------------------------------------------------------------------------------------------------------

Report for clock tree: clk_rtc:
===============================

Clock Tree Gating Structure (Logical):

# Full cycle clock gates   : 0
Minimum clock gating depth : 0
Maximum clock gating depth : 0
Clock gate area (um^2)     : 0.000

Clock Tree Buffering Structure (Logical):

# Buffers             : 0
# Inverters           : 0
  Total               : 0
Minimum depth         : 0
Maximum depth         : 0
Buffering area (um^2) : 0.000

Clock Tree Level Structure (Logical):

-----------------------------------------------------------------
Level  Full   Posedge  Negedge  Memory  Enable  Non enable  Other
       Cycle  Flops    Flops    Clock   Latch   Latch       Sinks
                                Pins    Sinks   Sinks       
-----------------------------------------------------------------
root     0       0        0       0       0         0         1
-----------------------------------------------------------------
Total    0       0        0       0       0         0         1
-----------------------------------------------------------------

Target and measured clock slews (in ns):

-------------------------------------------------------------------------------------------------------------------------------
Timing Corner         Worst Rising  Worst Falling  Worst Rising  Worst Falling  Leaf Slew    Leaf Slew  Trunk Slew   Trunk Slew
                      Leaf Slew     Leaf Slew      Trunk Slew    Trunk Slew     Target Type  Target     Target Type  Target
-------------------------------------------------------------------------------------------------------------------------------
delay_bc:hold.early      0.088          0.103           -              -        ignored          -      ignored          -
delay_bc:hold.late       0.106          0.117           -              -        ignored          -      ignored          -
delay_wc:setup.early     0.123          0.146           -              -        ignored          -      ignored          -
delay_wc:setup.late      0.148          0.171           -              -        explicit      0.800     explicit      0.800
-------------------------------------------------------------------------------------------------------------------------------

Report for clock tree: clk_sys:
===============================

Clock Tree Gating Structure (Logical):

# Full cycle clock gates   : 0
Minimum clock gating depth : 0
Maximum clock gating depth : 0
Clock gate area (um^2)     : 0.000

Clock Tree Buffering Structure (Logical):

# Buffers             :  175
# Inverters           :    0
  Total               :  175
Minimum depth         :    3
Maximum depth         :    5
Buffering area (um^2) : 2055.715

Clock Tree Level Structure (Logical):

-----------------------------------------------------------------
Level  Full   Posedge  Negedge  Memory  Enable  Non enable  Other
       Cycle  Flops    Flops    Clock   Latch   Latch       Sinks
                                Pins    Sinks   Sinks       
-----------------------------------------------------------------
root     0     4981       0       2       0         0         0
-----------------------------------------------------------------
Total    0     4981       0       2       0         0         0
-----------------------------------------------------------------

Target and measured clock slews (in ns):

-------------------------------------------------------------------------------------------------------------------------------
Timing Corner         Worst Rising  Worst Falling  Worst Rising  Worst Falling  Leaf Slew    Leaf Slew  Trunk Slew   Trunk Slew
                      Leaf Slew     Leaf Slew      Trunk Slew    Trunk Slew     Target Type  Target     Target Type  Target
-------------------------------------------------------------------------------------------------------------------------------
delay_bc:hold.early      0.548          0.439         0.197          0.188      ignored          -      ignored          -
delay_bc:hold.late       0.548          0.439         0.197          0.188      ignored          -      ignored          -
delay_wc:setup.early     1.294          1.034         0.289          0.264      ignored          -      ignored          -
delay_wc:setup.late      1.294          1.034         0.289          0.264      explicit     *0.800     explicit      0.800
-------------------------------------------------------------------------------------------------------------------------------

* - indicates that target was not met.

auto extracted - target was extracted from SDC.
auto computed - target was computed when balancing trees.

