###############################################################
#  Generated by:      Cadence Innovus 20.10-p004_1
#  OS:                Linux x86_64(Host ID ictc-eda-be-9-ldap-1)
#  Generated on:      Sat Jun 20 08:09:01 2026
#  Design:            croc_chip
#  Command:           report_ccopt_skew_groups -file ./rpt/03_CTS/ccopt_skew_groups.rpt
###############################################################

Skew Group Structure:
=====================

---------------------------------------------------------------------------------
Skew Group                    Sources    Constrained Sinks    Unconstrained Sinks
---------------------------------------------------------------------------------
clk_jtg/func_mode_ideal_bc       1              289                    1
clk_jtg/func_mode_ideal_wc       1              289                    1
clk_rtc/func_mode_ideal_bc       1                0                    1
clk_rtc/func_mode_ideal_wc       1                0                    1
clk_sys/func_mode_ideal_bc       1             4983                    0
clk_sys/func_mode_ideal_wc       1             4983                    0
---------------------------------------------------------------------------------

Skew Group Summary:
===================

-------------------------------------------------------------------------------------------------------------------------------------------------------------------------------------
Timing Corner           Skew Group                    ID Target    Min ID      Max ID      Avg ID    Std.Dev. ID    Skew Target Type    Skew Target    Skew     Skew window occupancy
-------------------------------------------------------------------------------------------------------------------------------------------------------------------------------------
delay_wc:setup.early    clk_jtg/func_mode_ideal_bc        -         0.659       0.808      0.789        0.015       ignored                  -         0.148              -
                        clk_jtg/func_mode_ideal_wc        -         0.659       0.808      0.789        0.015       ignored                  -         0.148              -
                        clk_rtc/func_mode_ideal_bc        -        No paths    No paths    inf       inf            ignored                  -           -                -
                        clk_rtc/func_mode_ideal_wc        -        No paths    No paths    inf       inf            ignored                  -           -                -
                        clk_sys/func_mode_ideal_bc        -         1.330       1.595      1.499        0.047       ignored                  -         0.266              -
                        clk_sys/func_mode_ideal_wc        -         1.330       1.595      1.499        0.047       ignored                  -         0.266              -
delay_wc:setup.late     clk_jtg/func_mode_ideal_bc    none          0.662       0.810      0.792        0.015       explicit             0.150         0.148    100% {0.662, 0.810}
                        clk_jtg/func_mode_ideal_wc    none          0.662       0.810      0.792        0.015       explicit             0.150         0.148    100% {0.662, 0.810}
                        clk_rtc/func_mode_ideal_bc    none         No paths    No paths    inf       inf            explicit             0.150           -                -
                        clk_rtc/func_mode_ideal_wc    none         No paths    No paths    inf       inf            explicit             0.150           -                -
                        clk_sys/func_mode_ideal_bc    none          1.333       1.599      1.503        0.047       explicit            *0.150         0.265    89.6% {1.449, 1.599}
                        clk_sys/func_mode_ideal_wc    none          1.333       1.599      1.503        0.047       explicit            *0.150         0.265    89.6% {1.449, 1.599}
delay_bc:hold.early     clk_jtg/func_mode_ideal_bc        -         0.279       0.356      0.346        0.006       ignored                  -         0.077              -
                        clk_jtg/func_mode_ideal_wc        -         0.279       0.356      0.346        0.006       ignored                  -         0.077              -
                        clk_rtc/func_mode_ideal_bc        -        No paths    No paths    inf       inf            ignored                  -           -                -
                        clk_rtc/func_mode_ideal_wc        -        No paths    No paths    inf       inf            ignored                  -           -                -
                        clk_sys/func_mode_ideal_bc        -         0.578       0.755      0.668        0.031       ignored                  -         0.177              -
                        clk_sys/func_mode_ideal_wc        -         0.578       0.755      0.668        0.031       ignored                  -         0.177              -
delay_bc:hold.late      clk_jtg/func_mode_ideal_bc        -         0.280       0.357      0.347        0.006       ignored                  -         0.077              -
                        clk_jtg/func_mode_ideal_wc        -         0.280       0.357      0.347        0.006       ignored                  -         0.077              -
                        clk_rtc/func_mode_ideal_bc        -        No paths    No paths    inf       inf            ignored                  -           -                -
                        clk_rtc/func_mode_ideal_wc        -        No paths    No paths    inf       inf            ignored                  -           -                -
                        clk_sys/func_mode_ideal_bc        -         0.579       0.756      0.669        0.031       ignored                  -         0.177              -
                        clk_sys/func_mode_ideal_wc        -         0.579       0.756      0.669        0.031       ignored                  -         0.177              -
-------------------------------------------------------------------------------------------------------------------------------------------------------------------------------------

* - indicates that target was not met.

Skew Group Min/Max path pins:
=============================

------------------------------------------------------------------------------------------
Timing Corner           Skew Group                    Min ID    PathID    Max ID    PathID
------------------------------------------------------------------------------------------
delay_wc:setup.early    clk_jtg/func_mode_ideal_bc    0.659        1      0.808        2
-    min i_croc_soc/i_croc/i_dmi_jtag/td_o_reg/CLK
-    max i_croc_soc/i_croc/i_dmi_jtag/i_dmi_cdc_i_cdc_resp/i_dst/data_o_16__reg/CLK
                        clk_jtg/func_mode_ideal_wc    0.659        9      0.808       10
-    min i_croc_soc/i_croc/i_dmi_jtag/td_o_reg/CLK
-    max i_croc_soc/i_croc/i_dmi_jtag/i_dmi_cdc_i_cdc_resp/i_dst/data_o_16__reg/CLK
                        clk_sys/func_mode_ideal_bc    1.330       33      1.595       34
-    min i_croc_soc/i_croc/i_dm_top_i_dm_top/data_csrs_mem_32__reg/CLK
-    max i_croc_soc/i_croc/i_core_wrap/i_ibex_register_file_i/rf_reg_305__reg/CLK
                        clk_sys/func_mode_ideal_wc    1.330       41      1.595       42
-    min i_croc_soc/i_croc/i_dm_top_i_dm_top/data_csrs_mem_32__reg/CLK
-    max i_croc_soc/i_croc/i_core_wrap/i_ibex_register_file_i/rf_reg_305__reg/CLK
delay_wc:setup.late     clk_jtg/func_mode_ideal_bc    0.662        3      0.810        4
-    min i_croc_soc/i_croc/i_dmi_jtag/td_o_reg/CLK
-    max i_croc_soc/i_croc/i_dmi_jtag/i_dmi_cdc_i_cdc_resp/i_dst/data_o_16__reg/CLK
                        clk_jtg/func_mode_ideal_wc    0.662       11      0.810       12
-    min i_croc_soc/i_croc/i_dmi_jtag/td_o_reg/CLK
-    max i_croc_soc/i_croc/i_dmi_jtag/i_dmi_cdc_i_cdc_resp/i_dst/data_o_16__reg/CLK
                        clk_sys/func_mode_ideal_bc    1.333       35      1.599       36
-    min i_croc_soc/i_croc/i_dm_top_i_dm_top/data_csrs_mem_32__reg/CLK
-    max i_croc_soc/i_croc/i_core_wrap/i_ibex_register_file_i/rf_reg_305__reg/CLK
                        clk_sys/func_mode_ideal_wc    1.333       43      1.599       44
-    min i_croc_soc/i_croc/i_dm_top_i_dm_top/data_csrs_mem_32__reg/CLK
-    max i_croc_soc/i_croc/i_core_wrap/i_ibex_register_file_i/rf_reg_305__reg/CLK
delay_bc:hold.early     clk_jtg/func_mode_ideal_bc    0.279        5      0.356        6
-    min i_croc_soc/i_croc/i_dmi_jtag/td_o_reg/CLK
-    max i_croc_soc/i_croc/i_dmi_jtag/i_dmi_cdc_i_cdc_resp/i_dst/data_o_16__reg/CLK
                        clk_jtg/func_mode_ideal_wc    0.279       13      0.356       14
-    min i_croc_soc/i_croc/i_dmi_jtag/td_o_reg/CLK
-    max i_croc_soc/i_croc/i_dmi_jtag/i_dmi_cdc_i_cdc_resp/i_dst/data_o_16__reg/CLK
                        clk_sys/func_mode_ideal_bc    0.578       37      0.755       38
-    min i_croc_soc/i_croc/i_dm_top_i_dm_top/data_csrs_mem_32__reg/CLK
-    max i_croc_soc/i_croc/i_core_wrap/i_ibex_register_file_i/rf_reg_305__reg/CLK
                        clk_sys/func_mode_ideal_wc    0.578       45      0.755       46
-    min i_croc_soc/i_croc/i_dm_top_i_dm_top/data_csrs_mem_32__reg/CLK
-    max i_croc_soc/i_croc/i_core_wrap/i_ibex_register_file_i/rf_reg_305__reg/CLK
delay_bc:hold.late      clk_jtg/func_mode_ideal_bc    0.280        7      0.357        8
-    min i_croc_soc/i_croc/i_dmi_jtag/td_o_reg/CLK
-    max i_croc_soc/i_croc/i_dmi_jtag/i_dmi_cdc_i_cdc_resp/i_dst/data_o_16__reg/CLK
                        clk_jtg/func_mode_ideal_wc    0.280       15      0.357       16
-    min i_croc_soc/i_croc/i_dmi_jtag/td_o_reg/CLK
-    max i_croc_soc/i_croc/i_dmi_jtag/i_dmi_cdc_i_cdc_resp/i_dst/data_o_16__reg/CLK
                        clk_sys/func_mode_ideal_bc    0.579       39      0.756       40
-    min i_croc_soc/i_croc/i_dm_top_i_dm_top/data_csrs_mem_32__reg/CLK
-    max i_croc_soc/i_croc/i_core_wrap/i_ibex_register_file_i/rf_reg_305__reg/CLK
                        clk_sys/func_mode_ideal_wc    0.579       47      0.756       48
-    min i_croc_soc/i_croc/i_dm_top_i_dm_top/data_csrs_mem_32__reg/CLK
-    max i_croc_soc/i_croc/i_core_wrap/i_ibex_register_file_i/rf_reg_305__reg/CLK
------------------------------------------------------------------------------------------

Timing for timing corner delay_wc:setup.early, min clock_path:
==============================================================

PathID    : 1
Path type : skew group clk_jtg/func_mode_ideal_bc (path 1 of 1)
Start     : jtag_tck_i
End       : i_croc_soc/i_croc/i_dmi_jtag/td_o_reg/CLK
Delay     : 0.659

------------------------------------------------------------------------------------------------------
Name  Lib cell        Event  Incr   Arrival  Slew   Cap    Location           Distance  Fanout  Status
                             (ns)   (ns)     (ns)   (pF)                      (um)              
-- Clockpath trace -----------------------------------------------------------------------------------
jtag_tck_i
-     -               rise   -       0.000   0.123  0.246  (406.710,1.500)    -            1    
pad_jtag_tck_i/pad
-     sg13g2_IOPadIn  rise   0.005   0.005   0.123  -      (406.710,1.500)      0.000   -       
pad_jtag_tck_i/p2c
-     sg13g2_IOPadIn  rise   0.155   0.161   0.141  0.047  (406.685,179.855)  178.380      2    
i_croc_soc/i_croc/i_dmi_jtag/CTS_ccl_buf_00524/A
-     sg13g2_buf_8    rise   0.002   0.163   0.093  -      (434.880,382.020)  230.360   -       
i_croc_soc/i_croc/i_dmi_jtag/CTS_ccl_buf_00524/X
-     sg13g2_buf_8    rise   0.170   0.333   0.081  0.076  (436.800,381.180)    2.760     10    
i_croc_soc/i_croc/i_dmi_jtag/i_dmi_jtag_tap_i_tck_inv/i_inv/A
-     sg13g2_inv_1    rise   0.003   0.336   0.082  -      (431.040,382.020)    6.600   -       
i_croc_soc/i_croc/i_dmi_jtag/i_dmi_jtag_tap_i_tck_inv/i_inv/Y
-     sg13g2_inv_1    rise   0.055   0.391   0.053  0.005  (431.720,382.225)    0.885      1    
i_croc_soc/i_croc/i_dmi_jtag/i_dmi_jtag_tap_i_dft_tck_mux/i_mux/A0
-     sg13g2_mux2_1   fall   0.000   0.392   0.033  -      (431.520,374.460)    7.965   -       
i_croc_soc/i_croc/i_dmi_jtag/i_dmi_jtag_tap_i_dft_tck_mux/i_mux/X
-     sg13g2_mux2_1   fall   0.266   0.657   0.154  0.024  (433.440,375.300)    2.760      1    
i_croc_soc/i_croc/i_dmi_jtag/td_o_reg/CLK
-     sg13g2_dfrbp_1  fall   0.002   0.659   0.154  -      (581.280,371.100)  152.040   -       
------------------------------------------------------------------------------------------------------

Timing for timing corner delay_wc:setup.early, max clock_path:
==============================================================

PathID    : 2
Path type : skew group clk_jtg/func_mode_ideal_bc (path 1 of 1)
Start     : jtag_tck_i
End       : i_croc_soc/i_croc/i_dmi_jtag/i_dmi_cdc_i_cdc_resp/i_dst/data_o_16__reg/CLK
Delay     : 0.808

------------------------------------------------------------------------------------------------------
Name  Lib cell        Event  Incr   Arrival  Slew   Cap    Location           Distance  Fanout  Status
                             (ns)   (ns)     (ns)   (pF)                      (um)              
-- Clockpath trace -----------------------------------------------------------------------------------
jtag_tck_i
-     -               rise   -       0.000   0.123  0.246  (406.710,1.500)    -            1    
pad_jtag_tck_i/pad
-     sg13g2_IOPadIn  rise   0.005   0.005   0.123  -      (406.710,1.500)      0.000   -       
pad_jtag_tck_i/p2c
-     sg13g2_IOPadIn  rise   0.155   0.161   0.141  0.047  (406.685,179.855)  178.380      2    
i_croc_soc/i_croc/i_dmi_jtag/CTS_ccl_buf_00524/A
-     sg13g2_buf_8    rise   0.002   0.163   0.093  -      (434.880,382.020)  230.360   -       
i_croc_soc/i_croc/i_dmi_jtag/CTS_ccl_buf_00524/X
-     sg13g2_buf_8    rise   0.170   0.333   0.081  0.076  (436.800,381.180)    2.760     10    
i_croc_soc/i_croc/i_dmi_jtag/CTS_ccl_a_buf_00508/A
-     sg13g2_buf_2    rise   0.008   0.340   0.082  -      (595.680,434.940)  212.640   -       
i_croc_soc/i_croc/i_dmi_jtag/CTS_ccl_a_buf_00508/X
-     sg13g2_buf_2    rise   0.459   0.799   0.497  0.153  (594.720,434.100)    1.800     32    
i_croc_soc/i_croc/i_dmi_jtag/i_dmi_cdc_i_cdc_resp/i_dst/data_o_16__reg/CLK
-     sg13g2_dfrbp_1  rise   0.008   0.808   0.496  -      (549.120,484.500)   96.000   -       
------------------------------------------------------------------------------------------------------

Timing for timing corner delay_wc:setup.late, min clock_path:
=============================================================

PathID    : 3
Path type : skew group clk_jtg/func_mode_ideal_bc (path 1 of 1)
Start     : jtag_tck_i
End       : i_croc_soc/i_croc/i_dmi_jtag/td_o_reg/CLK
Delay     : 0.662

------------------------------------------------------------------------------------------------------
Name  Lib cell        Event  Incr   Arrival  Slew   Cap    Location           Distance  Fanout  Status
                             (ns)   (ns)     (ns)   (pF)                      (um)              
-- Clockpath trace -----------------------------------------------------------------------------------
jtag_tck_i
-     -               rise   -       0.000   0.148  0.246  (406.710,1.500)    -            1    
pad_jtag_tck_i/pad
-     sg13g2_IOPadIn  rise   0.007   0.007   0.148  -      (406.710,1.500)      0.000   -       
pad_jtag_tck_i/p2c
-     sg13g2_IOPadIn  rise   0.157   0.163   0.143  0.047  (406.685,179.855)  178.380      2    
i_croc_soc/i_croc/i_dmi_jtag/CTS_ccl_buf_00524/A
-     sg13g2_buf_8    rise   0.002   0.165   0.094  -      (434.880,382.020)  230.360   -       
i_croc_soc/i_croc/i_dmi_jtag/CTS_ccl_buf_00524/X
-     sg13g2_buf_8    rise   0.170   0.336   0.081  0.076  (436.800,381.180)    2.760     10    
i_croc_soc/i_croc/i_dmi_jtag/i_dmi_jtag_tap_i_tck_inv/i_inv/A
-     sg13g2_inv_1    rise   0.003   0.339   0.082  -      (431.040,382.020)    6.600   -       
i_croc_soc/i_croc/i_dmi_jtag/i_dmi_jtag_tap_i_tck_inv/i_inv/Y
-     sg13g2_inv_1    rise   0.055   0.394   0.053  0.005  (431.720,382.225)    0.885      1    
i_croc_soc/i_croc/i_dmi_jtag/i_dmi_jtag_tap_i_dft_tck_mux/i_mux/A0
-     sg13g2_mux2_1   fall   0.000   0.395   0.033  -      (431.520,374.460)    7.965   -       
i_croc_soc/i_croc/i_dmi_jtag/i_dmi_jtag_tap_i_dft_tck_mux/i_mux/X
-     sg13g2_mux2_1   fall   0.266   0.660   0.154  0.024  (433.440,375.300)    2.760      1    
i_croc_soc/i_croc/i_dmi_jtag/td_o_reg/CLK
-     sg13g2_dfrbp_1  fall   0.002   0.662   0.154  -      (581.280,371.100)  152.040   -       
------------------------------------------------------------------------------------------------------

Timing for timing corner delay_wc:setup.late, max clock_path:
=============================================================

PathID    : 4
Path type : skew group clk_jtg/func_mode_ideal_bc (path 1 of 1)
Start     : jtag_tck_i
End       : i_croc_soc/i_croc/i_dmi_jtag/i_dmi_cdc_i_cdc_resp/i_dst/data_o_16__reg/CLK
Delay     : 0.810

------------------------------------------------------------------------------------------------------
Name  Lib cell        Event  Incr   Arrival  Slew   Cap    Location           Distance  Fanout  Status
                             (ns)   (ns)     (ns)   (pF)                      (um)              
-- Clockpath trace -----------------------------------------------------------------------------------
jtag_tck_i
-     -               rise   -       0.000   0.148  0.246  (406.710,1.500)    -            1    
pad_jtag_tck_i/pad
-     sg13g2_IOPadIn  rise   0.007   0.007   0.148  -      (406.710,1.500)      0.000   -       
pad_jtag_tck_i/p2c
-     sg13g2_IOPadIn  rise   0.157   0.163   0.143  0.047  (406.685,179.855)  178.380      2    
i_croc_soc/i_croc/i_dmi_jtag/CTS_ccl_buf_00524/A
-     sg13g2_buf_8    rise   0.002   0.165   0.094  -      (434.880,382.020)  230.360   -       
i_croc_soc/i_croc/i_dmi_jtag/CTS_ccl_buf_00524/X
-     sg13g2_buf_8    rise   0.170   0.336   0.081  0.076  (436.800,381.180)    2.760     10    
i_croc_soc/i_croc/i_dmi_jtag/CTS_ccl_a_buf_00508/A
-     sg13g2_buf_2    rise   0.008   0.343   0.082  -      (595.680,434.940)  212.640   -       
i_croc_soc/i_croc/i_dmi_jtag/CTS_ccl_a_buf_00508/X
-     sg13g2_buf_2    rise   0.459   0.802   0.497  0.153  (594.720,434.100)    1.800     32    
i_croc_soc/i_croc/i_dmi_jtag/i_dmi_cdc_i_cdc_resp/i_dst/data_o_16__reg/CLK
-     sg13g2_dfrbp_1  rise   0.008   0.810   0.496  -      (549.120,484.500)   96.000   -       
------------------------------------------------------------------------------------------------------

Timing for timing corner delay_bc:hold.early, min clock_path:
=============================================================

PathID    : 5
Path type : skew group clk_jtg/func_mode_ideal_bc (path 1 of 1)
Start     : jtag_tck_i
End       : i_croc_soc/i_croc/i_dmi_jtag/td_o_reg/CLK
Delay     : 0.279

------------------------------------------------------------------------------------------------------
Name  Lib cell        Event  Incr   Arrival  Slew   Cap    Location           Distance  Fanout  Status
                             (ns)   (ns)     (ns)   (pF)                      (um)              
-- Clockpath trace -----------------------------------------------------------------------------------
jtag_tck_i
-     -               rise   -       0.000   0.088  0.241  (406.710,1.500)    -            1    
pad_jtag_tck_i/pad
-     sg13g2_IOPadIn  rise   0.005   0.005   0.088  -      (406.710,1.500)      0.000   -       
pad_jtag_tck_i/p2c
-     sg13g2_IOPadIn  rise   0.065   0.070   0.067  0.049  (406.685,179.855)  178.380      2    
i_croc_soc/i_croc/i_dmi_jtag/CTS_ccl_buf_00524/A
-     sg13g2_buf_8    rise   0.002   0.072   0.044  -      (434.880,382.020)  230.360   -       
i_croc_soc/i_croc/i_dmi_jtag/CTS_ccl_buf_00524/X
-     sg13g2_buf_8    rise   0.069   0.142   0.038  0.079  (436.800,381.180)    2.760     10    
i_croc_soc/i_croc/i_dmi_jtag/i_dmi_jtag_tap_i_tck_inv/i_inv/A
-     sg13g2_inv_1    rise   0.003   0.145   0.039  -      (431.040,382.020)    6.600   -       
i_croc_soc/i_croc/i_dmi_jtag/i_dmi_jtag_tap_i_tck_inv/i_inv/Y
-     sg13g2_inv_1    rise   0.021   0.166   0.024  0.005  (431.720,382.225)    0.885      1    
i_croc_soc/i_croc/i_dmi_jtag/i_dmi_jtag_tap_i_dft_tck_mux/i_mux/A0
-     sg13g2_mux2_1   fall   0.000   0.166   0.014  -      (431.520,374.460)    7.965   -       
i_croc_soc/i_croc/i_dmi_jtag/i_dmi_jtag_tap_i_dft_tck_mux/i_mux/X
-     sg13g2_mux2_1   fall   0.110   0.276   0.066  0.024  (433.440,375.300)    2.760      1    
i_croc_soc/i_croc/i_dmi_jtag/td_o_reg/CLK
-     sg13g2_dfrbp_1  fall   0.002   0.279   0.066  -      (581.280,371.100)  152.040   -       
------------------------------------------------------------------------------------------------------

Timing for timing corner delay_bc:hold.early, max clock_path:
=============================================================

PathID    : 6
Path type : skew group clk_jtg/func_mode_ideal_bc (path 1 of 1)
Start     : jtag_tck_i
End       : i_croc_soc/i_croc/i_dmi_jtag/i_dmi_cdc_i_cdc_resp/i_dst/data_o_16__reg/CLK
Delay     : 0.356

------------------------------------------------------------------------------------------------------
Name  Lib cell        Event  Incr   Arrival  Slew   Cap    Location           Distance  Fanout  Status
                             (ns)   (ns)     (ns)   (pF)                      (um)              
-- Clockpath trace -----------------------------------------------------------------------------------
jtag_tck_i
-     -               rise   -       0.000   0.088  0.241  (406.710,1.500)    -            1    
pad_jtag_tck_i/pad
-     sg13g2_IOPadIn  rise   0.005   0.005   0.088  -      (406.710,1.500)      0.000   -       
pad_jtag_tck_i/p2c
-     sg13g2_IOPadIn  rise   0.065   0.070   0.067  0.049  (406.685,179.855)  178.380      2    
i_croc_soc/i_croc/i_dmi_jtag/CTS_ccl_buf_00524/A
-     sg13g2_buf_8    rise   0.002   0.072   0.044  -      (434.880,382.020)  230.360   -       
i_croc_soc/i_croc/i_dmi_jtag/CTS_ccl_buf_00524/X
-     sg13g2_buf_8    rise   0.069   0.142   0.038  0.079  (436.800,381.180)    2.760     10    
i_croc_soc/i_croc/i_dmi_jtag/CTS_ccl_a_buf_00508/A
-     sg13g2_buf_2    rise   0.008   0.150   0.039  -      (595.680,434.940)  212.640   -       
i_croc_soc/i_croc/i_dmi_jtag/CTS_ccl_a_buf_00508/X
-     sg13g2_buf_2    rise   0.197   0.347   0.227  0.165  (594.720,434.100)    1.800     32    
i_croc_soc/i_croc/i_dmi_jtag/i_dmi_cdc_i_cdc_resp/i_dst/data_o_16__reg/CLK
-     sg13g2_dfrbp_1  rise   0.009   0.356   0.227  -      (549.120,484.500)   96.000   -       
------------------------------------------------------------------------------------------------------

Timing for timing corner delay_bc:hold.late, min clock_path:
============================================================

PathID    : 7
Path type : skew group clk_jtg/func_mode_ideal_bc (path 1 of 1)
Start     : jtag_tck_i
End       : i_croc_soc/i_croc/i_dmi_jtag/td_o_reg/CLK
Delay     : 0.280

------------------------------------------------------------------------------------------------------
Name  Lib cell        Event  Incr   Arrival  Slew   Cap    Location           Distance  Fanout  Status
                             (ns)   (ns)     (ns)   (pF)                      (um)              
-- Clockpath trace -----------------------------------------------------------------------------------
jtag_tck_i
-     -               rise   -       0.000   0.105  0.241  (406.710,1.500)    -            1    
pad_jtag_tck_i/pad
-     sg13g2_IOPadIn  rise   0.007   0.007   0.106  -      (406.710,1.500)      0.000   -       
pad_jtag_tck_i/p2c
-     sg13g2_IOPadIn  rise   0.065   0.071   0.067  0.049  (406.685,179.855)  178.380      2    
i_croc_soc/i_croc/i_dmi_jtag/CTS_ccl_buf_00524/A
-     sg13g2_buf_8    rise   0.002   0.073   0.044  -      (434.880,382.020)  230.360   -       
i_croc_soc/i_croc/i_dmi_jtag/CTS_ccl_buf_00524/X
-     sg13g2_buf_8    rise   0.069   0.143   0.038  0.079  (436.800,381.180)    2.760     10    
i_croc_soc/i_croc/i_dmi_jtag/i_dmi_jtag_tap_i_tck_inv/i_inv/A
-     sg13g2_inv_1    rise   0.003   0.146   0.039  -      (431.040,382.020)    6.600   -       
i_croc_soc/i_croc/i_dmi_jtag/i_dmi_jtag_tap_i_tck_inv/i_inv/Y
-     sg13g2_inv_1    rise   0.021   0.168   0.024  0.005  (431.720,382.225)    0.885      1    
i_croc_soc/i_croc/i_dmi_jtag/i_dmi_jtag_tap_i_dft_tck_mux/i_mux/A0
-     sg13g2_mux2_1   fall   0.000   0.168   0.014  -      (431.520,374.460)    7.965   -       
i_croc_soc/i_croc/i_dmi_jtag/i_dmi_jtag_tap_i_dft_tck_mux/i_mux/X
-     sg13g2_mux2_1   fall   0.110   0.278   0.066  0.024  (433.440,375.300)    2.760      1    
i_croc_soc/i_croc/i_dmi_jtag/td_o_reg/CLK
-     sg13g2_dfrbp_1  fall   0.002   0.280   0.066  -      (581.280,371.100)  152.040   -       
------------------------------------------------------------------------------------------------------

Timing for timing corner delay_bc:hold.late, max clock_path:
============================================================

PathID    : 8
Path type : skew group clk_jtg/func_mode_ideal_bc (path 1 of 1)
Start     : jtag_tck_i
End       : i_croc_soc/i_croc/i_dmi_jtag/i_dmi_cdc_i_cdc_resp/i_dst/data_o_16__reg/CLK
Delay     : 0.357

------------------------------------------------------------------------------------------------------
Name  Lib cell        Event  Incr   Arrival  Slew   Cap    Location           Distance  Fanout  Status
                             (ns)   (ns)     (ns)   (pF)                      (um)              
-- Clockpath trace -----------------------------------------------------------------------------------
jtag_tck_i
-     -               rise   -       0.000   0.105  0.241  (406.710,1.500)    -            1    
pad_jtag_tck_i/pad
-     sg13g2_IOPadIn  rise   0.007   0.007   0.106  -      (406.710,1.500)      0.000   -       
pad_jtag_tck_i/p2c
-     sg13g2_IOPadIn  rise   0.065   0.071   0.067  0.049  (406.685,179.855)  178.380      2    
i_croc_soc/i_croc/i_dmi_jtag/CTS_ccl_buf_00524/A
-     sg13g2_buf_8    rise   0.002   0.073   0.044  -      (434.880,382.020)  230.360   -       
i_croc_soc/i_croc/i_dmi_jtag/CTS_ccl_buf_00524/X
-     sg13g2_buf_8    rise   0.069   0.143   0.038  0.079  (436.800,381.180)    2.760     10    
i_croc_soc/i_croc/i_dmi_jtag/CTS_ccl_a_buf_00508/A
-     sg13g2_buf_2    rise   0.008   0.151   0.039  -      (595.680,434.940)  212.640   -       
i_croc_soc/i_croc/i_dmi_jtag/CTS_ccl_a_buf_00508/X
-     sg13g2_buf_2    rise   0.197   0.348   0.227  0.165  (594.720,434.100)    1.800     32    
i_croc_soc/i_croc/i_dmi_jtag/i_dmi_cdc_i_cdc_resp/i_dst/data_o_16__reg/CLK
-     sg13g2_dfrbp_1  rise   0.009   0.357   0.227  -      (549.120,484.500)   96.000   -       
------------------------------------------------------------------------------------------------------

Timing for timing corner delay_wc:setup.early, min clock_path:
==============================================================

PathID    : 9
Path type : skew group clk_jtg/func_mode_ideal_wc (path 1 of 1)
Start     : jtag_tck_i
End       : i_croc_soc/i_croc/i_dmi_jtag/td_o_reg/CLK
Delay     : 0.659

------------------------------------------------------------------------------------------------------
Name  Lib cell        Event  Incr   Arrival  Slew   Cap    Location           Distance  Fanout  Status
                             (ns)   (ns)     (ns)   (pF)                      (um)              
-- Clockpath trace -----------------------------------------------------------------------------------
jtag_tck_i
-     -               rise   -       0.000   0.123  0.246  (406.710,1.500)    -            1    
pad_jtag_tck_i/pad
-     sg13g2_IOPadIn  rise   0.005   0.005   0.123  -      (406.710,1.500)      0.000   -       
pad_jtag_tck_i/p2c
-     sg13g2_IOPadIn  rise   0.155   0.161   0.141  0.047  (406.685,179.855)  178.380      2    
i_croc_soc/i_croc/i_dmi_jtag/CTS_ccl_buf_00524/A
-     sg13g2_buf_8    rise   0.002   0.163   0.093  -      (434.880,382.020)  230.360   -       
i_croc_soc/i_croc/i_dmi_jtag/CTS_ccl_buf_00524/X
-     sg13g2_buf_8    rise   0.170   0.333   0.081  0.076  (436.800,381.180)    2.760     10    
i_croc_soc/i_croc/i_dmi_jtag/i_dmi_jtag_tap_i_tck_inv/i_inv/A
-     sg13g2_inv_1    rise   0.003   0.336   0.082  -      (431.040,382.020)    6.600   -       
i_croc_soc/i_croc/i_dmi_jtag/i_dmi_jtag_tap_i_tck_inv/i_inv/Y
-     sg13g2_inv_1    rise   0.055   0.391   0.053  0.005  (431.720,382.225)    0.885      1    
i_croc_soc/i_croc/i_dmi_jtag/i_dmi_jtag_tap_i_dft_tck_mux/i_mux/A0
-     sg13g2_mux2_1   fall   0.000   0.392   0.033  -      (431.520,374.460)    7.965   -       
i_croc_soc/i_croc/i_dmi_jtag/i_dmi_jtag_tap_i_dft_tck_mux/i_mux/X
-     sg13g2_mux2_1   fall   0.266   0.657   0.154  0.024  (433.440,375.300)    2.760      1    
i_croc_soc/i_croc/i_dmi_jtag/td_o_reg/CLK
-     sg13g2_dfrbp_1  fall   0.002   0.659   0.154  -      (581.280,371.100)  152.040   -       
------------------------------------------------------------------------------------------------------

Timing for timing corner delay_wc:setup.early, max clock_path:
==============================================================

PathID    : 10
Path type : skew group clk_jtg/func_mode_ideal_wc (path 1 of 1)
Start     : jtag_tck_i
End       : i_croc_soc/i_croc/i_dmi_jtag/i_dmi_cdc_i_cdc_resp/i_dst/data_o_16__reg/CLK
Delay     :  0.808

------------------------------------------------------------------------------------------------------
Name  Lib cell        Event  Incr   Arrival  Slew   Cap    Location           Distance  Fanout  Status
                             (ns)   (ns)     (ns)   (pF)                      (um)              
-- Clockpath trace -----------------------------------------------------------------------------------
jtag_tck_i
-     -               rise   -       0.000   0.123  0.246  (406.710,1.500)    -            1    
pad_jtag_tck_i/pad
-     sg13g2_IOPadIn  rise   0.005   0.005   0.123  -      (406.710,1.500)      0.000   -       
pad_jtag_tck_i/p2c
-     sg13g2_IOPadIn  rise   0.155   0.161   0.141  0.047  (406.685,179.855)  178.380      2    
i_croc_soc/i_croc/i_dmi_jtag/CTS_ccl_buf_00524/A
-     sg13g2_buf_8    rise   0.002   0.163   0.093  -      (434.880,382.020)  230.360   -       
i_croc_soc/i_croc/i_dmi_jtag/CTS_ccl_buf_00524/X
-     sg13g2_buf_8    rise   0.170   0.333   0.081  0.076  (436.800,381.180)    2.760     10    
i_croc_soc/i_croc/i_dmi_jtag/CTS_ccl_a_buf_00508/A
-     sg13g2_buf_2    rise   0.008   0.340   0.082  -      (595.680,434.940)  212.640   -       
i_croc_soc/i_croc/i_dmi_jtag/CTS_ccl_a_buf_00508/X
-     sg13g2_buf_2    rise   0.459   0.799   0.497  0.153  (594.720,434.100)    1.800     32    
i_croc_soc/i_croc/i_dmi_jtag/i_dmi_cdc_i_cdc_resp/i_dst/data_o_16__reg/CLK
-     sg13g2_dfrbp_1  rise   0.008   0.808   0.496  -      (549.120,484.500)   96.000   -       
------------------------------------------------------------------------------------------------------

Timing for timing corner delay_wc:setup.late, min clock_path:
=============================================================

PathID    : 11
Path type : skew group clk_jtg/func_mode_ideal_wc (path 1 of 1)
Start     : jtag_tck_i
End       : i_croc_soc/i_croc/i_dmi_jtag/td_o_reg/CLK
Delay     :  0.662

------------------------------------------------------------------------------------------------------
Name  Lib cell        Event  Incr   Arrival  Slew   Cap    Location           Distance  Fanout  Status
                             (ns)   (ns)     (ns)   (pF)                      (um)              
-- Clockpath trace -----------------------------------------------------------------------------------
jtag_tck_i
-     -               rise   -       0.000   0.148  0.246  (406.710,1.500)    -            1    
pad_jtag_tck_i/pad
-     sg13g2_IOPadIn  rise   0.007   0.007   0.148  -      (406.710,1.500)      0.000   -       
pad_jtag_tck_i/p2c
-     sg13g2_IOPadIn  rise   0.157   0.163   0.143  0.047  (406.685,179.855)  178.380      2    
i_croc_soc/i_croc/i_dmi_jtag/CTS_ccl_buf_00524/A
-     sg13g2_buf_8    rise   0.002   0.165   0.094  -      (434.880,382.020)  230.360   -       
i_croc_soc/i_croc/i_dmi_jtag/CTS_ccl_buf_00524/X
-     sg13g2_buf_8    rise   0.170   0.336   0.081  0.076  (436.800,381.180)    2.760     10    
i_croc_soc/i_croc/i_dmi_jtag/i_dmi_jtag_tap_i_tck_inv/i_inv/A
-     sg13g2_inv_1    rise   0.003   0.339   0.082  -      (431.040,382.020)    6.600   -       
i_croc_soc/i_croc/i_dmi_jtag/i_dmi_jtag_tap_i_tck_inv/i_inv/Y
-     sg13g2_inv_1    rise   0.055   0.394   0.053  0.005  (431.720,382.225)    0.885      1    
i_croc_soc/i_croc/i_dmi_jtag/i_dmi_jtag_tap_i_dft_tck_mux/i_mux/A0
-     sg13g2_mux2_1   fall   0.000   0.395   0.033  -      (431.520,374.460)    7.965   -       
i_croc_soc/i_croc/i_dmi_jtag/i_dmi_jtag_tap_i_dft_tck_mux/i_mux/X
-     sg13g2_mux2_1   fall   0.266   0.660   0.154  0.024  (433.440,375.300)    2.760      1    
i_croc_soc/i_croc/i_dmi_jtag/td_o_reg/CLK
-     sg13g2_dfrbp_1  fall   0.002   0.662   0.154  -      (581.280,371.100)  152.040   -       
------------------------------------------------------------------------------------------------------

Timing for timing corner delay_wc:setup.late, max clock_path:
=============================================================

PathID    : 12
Path type : skew group clk_jtg/func_mode_ideal_wc (path 1 of 1)
Start     : jtag_tck_i
End       : i_croc_soc/i_croc/i_dmi_jtag/i_dmi_cdc_i_cdc_resp/i_dst/data_o_16__reg/CLK
Delay     :  0.810

------------------------------------------------------------------------------------------------------
Name  Lib cell        Event  Incr   Arrival  Slew   Cap    Location           Distance  Fanout  Status
                             (ns)   (ns)     (ns)   (pF)                      (um)              
-- Clockpath trace -----------------------------------------------------------------------------------
jtag_tck_i
-     -               rise   -       0.000   0.148  0.246  (406.710,1.500)    -            1    
pad_jtag_tck_i/pad
-     sg13g2_IOPadIn  rise   0.007   0.007   0.148  -      (406.710,1.500)      0.000   -       
pad_jtag_tck_i/p2c
-     sg13g2_IOPadIn  rise   0.157   0.163   0.143  0.047  (406.685,179.855)  178.380      2    
i_croc_soc/i_croc/i_dmi_jtag/CTS_ccl_buf_00524/A
-     sg13g2_buf_8    rise   0.002   0.165   0.094  -      (434.880,382.020)  230.360   -       
i_croc_soc/i_croc/i_dmi_jtag/CTS_ccl_buf_00524/X
-     sg13g2_buf_8    rise   0.170   0.336   0.081  0.076  (436.800,381.180)    2.760     10    
i_croc_soc/i_croc/i_dmi_jtag/CTS_ccl_a_buf_00508/A
-     sg13g2_buf_2    rise   0.008   0.343   0.082  -      (595.680,434.940)  212.640   -       
i_croc_soc/i_croc/i_dmi_jtag/CTS_ccl_a_buf_00508/X
-     sg13g2_buf_2    rise   0.459   0.802   0.497  0.153  (594.720,434.100)    1.800     32    
i_croc_soc/i_croc/i_dmi_jtag/i_dmi_cdc_i_cdc_resp/i_dst/data_o_16__reg/CLK
-     sg13g2_dfrbp_1  rise   0.008   0.810   0.496  -      (549.120,484.500)   96.000   -       
------------------------------------------------------------------------------------------------------

Timing for timing corner delay_bc:hold.early, min clock_path:
=============================================================

PathID    : 13
Path type : skew group clk_jtg/func_mode_ideal_wc (path 1 of 1)
Start     : jtag_tck_i
End       : i_croc_soc/i_croc/i_dmi_jtag/td_o_reg/CLK
Delay     :  0.279

------------------------------------------------------------------------------------------------------
Name  Lib cell        Event  Incr   Arrival  Slew   Cap    Location           Distance  Fanout  Status
                             (ns)   (ns)     (ns)   (pF)                      (um)              
-- Clockpath trace -----------------------------------------------------------------------------------
jtag_tck_i
-     -               rise   -       0.000   0.088  0.241  (406.710,1.500)    -            1    
pad_jtag_tck_i/pad
-     sg13g2_IOPadIn  rise   0.005   0.005   0.088  -      (406.710,1.500)      0.000   -       
pad_jtag_tck_i/p2c
-     sg13g2_IOPadIn  rise   0.065   0.070   0.067  0.049  (406.685,179.855)  178.380      2    
i_croc_soc/i_croc/i_dmi_jtag/CTS_ccl_buf_00524/A
-     sg13g2_buf_8    rise   0.002   0.072   0.044  -      (434.880,382.020)  230.360   -       
i_croc_soc/i_croc/i_dmi_jtag/CTS_ccl_buf_00524/X
-     sg13g2_buf_8    rise   0.069   0.142   0.038  0.079  (436.800,381.180)    2.760     10    
i_croc_soc/i_croc/i_dmi_jtag/i_dmi_jtag_tap_i_tck_inv/i_inv/A
-     sg13g2_inv_1    rise   0.003   0.145   0.039  -      (431.040,382.020)    6.600   -       
i_croc_soc/i_croc/i_dmi_jtag/i_dmi_jtag_tap_i_tck_inv/i_inv/Y
-     sg13g2_inv_1    rise   0.021   0.166   0.024  0.005  (431.720,382.225)    0.885      1    
i_croc_soc/i_croc/i_dmi_jtag/i_dmi_jtag_tap_i_dft_tck_mux/i_mux/A0
-     sg13g2_mux2_1   fall   0.000   0.166   0.014  -      (431.520,374.460)    7.965   -       
i_croc_soc/i_croc/i_dmi_jtag/i_dmi_jtag_tap_i_dft_tck_mux/i_mux/X
-     sg13g2_mux2_1   fall   0.110   0.276   0.066  0.024  (433.440,375.300)    2.760      1    
i_croc_soc/i_croc/i_dmi_jtag/td_o_reg/CLK
-     sg13g2_dfrbp_1  fall   0.002   0.279   0.066  -      (581.280,371.100)  152.040   -       
------------------------------------------------------------------------------------------------------

Timing for timing corner delay_bc:hold.early, max clock_path:
=============================================================

PathID    : 14
Path type : skew group clk_jtg/func_mode_ideal_wc (path 1 of 1)
Start     : jtag_tck_i
End       : i_croc_soc/i_croc/i_dmi_jtag/i_dmi_cdc_i_cdc_resp/i_dst/data_o_16__reg/CLK
Delay     :  0.356

------------------------------------------------------------------------------------------------------
Name  Lib cell        Event  Incr   Arrival  Slew   Cap    Location           Distance  Fanout  Status
                             (ns)   (ns)     (ns)   (pF)                      (um)              
-- Clockpath trace -----------------------------------------------------------------------------------
jtag_tck_i
-     -               rise   -       0.000   0.088  0.241  (406.710,1.500)    -            1    
pad_jtag_tck_i/pad
-     sg13g2_IOPadIn  rise   0.005   0.005   0.088  -      (406.710,1.500)      0.000   -       
pad_jtag_tck_i/p2c
-     sg13g2_IOPadIn  rise   0.065   0.070   0.067  0.049  (406.685,179.855)  178.380      2    
i_croc_soc/i_croc/i_dmi_jtag/CTS_ccl_buf_00524/A
-     sg13g2_buf_8    rise   0.002   0.072   0.044  -      (434.880,382.020)  230.360   -       
i_croc_soc/i_croc/i_dmi_jtag/CTS_ccl_buf_00524/X
-     sg13g2_buf_8    rise   0.069   0.142   0.038  0.079  (436.800,381.180)    2.760     10    
i_croc_soc/i_croc/i_dmi_jtag/CTS_ccl_a_buf_00508/A
-     sg13g2_buf_2    rise   0.008   0.150   0.039  -      (595.680,434.940)  212.640   -       
i_croc_soc/i_croc/i_dmi_jtag/CTS_ccl_a_buf_00508/X
-     sg13g2_buf_2    rise   0.197   0.347   0.227  0.165  (594.720,434.100)    1.800     32    
i_croc_soc/i_croc/i_dmi_jtag/i_dmi_cdc_i_cdc_resp/i_dst/data_o_16__reg/CLK
-     sg13g2_dfrbp_1  rise   0.009   0.356   0.227  -      (549.120,484.500)   96.000   -       
------------------------------------------------------------------------------------------------------

Timing for timing corner delay_bc:hold.late, min clock_path:
============================================================

PathID    : 15
Path type : skew group clk_jtg/func_mode_ideal_wc (path 1 of 1)
Start     : jtag_tck_i
End       : i_croc_soc/i_croc/i_dmi_jtag/td_o_reg/CLK
Delay     :  0.280

------------------------------------------------------------------------------------------------------
Name  Lib cell        Event  Incr   Arrival  Slew   Cap    Location           Distance  Fanout  Status
                             (ns)   (ns)     (ns)   (pF)                      (um)              
-- Clockpath trace -----------------------------------------------------------------------------------
jtag_tck_i
-     -               rise   -       0.000   0.105  0.241  (406.710,1.500)    -            1    
pad_jtag_tck_i/pad
-     sg13g2_IOPadIn  rise   0.007   0.007   0.106  -      (406.710,1.500)      0.000   -       
pad_jtag_tck_i/p2c
-     sg13g2_IOPadIn  rise   0.065   0.071   0.067  0.049  (406.685,179.855)  178.380      2    
i_croc_soc/i_croc/i_dmi_jtag/CTS_ccl_buf_00524/A
-     sg13g2_buf_8    rise   0.002   0.073   0.044  -      (434.880,382.020)  230.360   -       
i_croc_soc/i_croc/i_dmi_jtag/CTS_ccl_buf_00524/X
-     sg13g2_buf_8    rise   0.069   0.143   0.038  0.079  (436.800,381.180)    2.760     10    
i_croc_soc/i_croc/i_dmi_jtag/i_dmi_jtag_tap_i_tck_inv/i_inv/A
-     sg13g2_inv_1    rise   0.003   0.146   0.039  -      (431.040,382.020)    6.600   -       
i_croc_soc/i_croc/i_dmi_jtag/i_dmi_jtag_tap_i_tck_inv/i_inv/Y
-     sg13g2_inv_1    rise   0.021   0.168   0.024  0.005  (431.720,382.225)    0.885      1    
i_croc_soc/i_croc/i_dmi_jtag/i_dmi_jtag_tap_i_dft_tck_mux/i_mux/A0
-     sg13g2_mux2_1   fall   0.000   0.168   0.014  -      (431.520,374.460)    7.965   -       
i_croc_soc/i_croc/i_dmi_jtag/i_dmi_jtag_tap_i_dft_tck_mux/i_mux/X
-     sg13g2_mux2_1   fall   0.110   0.278   0.066  0.024  (433.440,375.300)    2.760      1    
i_croc_soc/i_croc/i_dmi_jtag/td_o_reg/CLK
-     sg13g2_dfrbp_1  fall   0.002   0.280   0.066  -      (581.280,371.100)  152.040   -       
------------------------------------------------------------------------------------------------------

Timing for timing corner delay_bc:hold.late, max clock_path:
============================================================

PathID    : 16
Path type : skew group clk_jtg/func_mode_ideal_wc (path 1 of 1)
Start     : jtag_tck_i
End       : i_croc_soc/i_croc/i_dmi_jtag/i_dmi_cdc_i_cdc_resp/i_dst/data_o_16__reg/CLK
Delay     :  0.357

------------------------------------------------------------------------------------------------------
Name  Lib cell        Event  Incr   Arrival  Slew   Cap    Location           Distance  Fanout  Status
                             (ns)   (ns)     (ns)   (pF)                      (um)              
-- Clockpath trace -----------------------------------------------------------------------------------
jtag_tck_i
-     -               rise   -       0.000   0.105  0.241  (406.710,1.500)    -            1    
pad_jtag_tck_i/pad
-     sg13g2_IOPadIn  rise   0.007   0.007   0.106  -      (406.710,1.500)      0.000   -       
pad_jtag_tck_i/p2c
-     sg13g2_IOPadIn  rise   0.065   0.071   0.067  0.049  (406.685,179.855)  178.380      2    
i_croc_soc/i_croc/i_dmi_jtag/CTS_ccl_buf_00524/A
-     sg13g2_buf_8    rise   0.002   0.073   0.044  -      (434.880,382.020)  230.360   -       
i_croc_soc/i_croc/i_dmi_jtag/CTS_ccl_buf_00524/X
-     sg13g2_buf_8    rise   0.069   0.143   0.038  0.079  (436.800,381.180)    2.760     10    
i_croc_soc/i_croc/i_dmi_jtag/CTS_ccl_a_buf_00508/A
-     sg13g2_buf_2    rise   0.008   0.151   0.039  -      (595.680,434.940)  212.640   -       
i_croc_soc/i_croc/i_dmi_jtag/CTS_ccl_a_buf_00508/X
-     sg13g2_buf_2    rise   0.197   0.348   0.227  0.165  (594.720,434.100)    1.800     32    
i_croc_soc/i_croc/i_dmi_jtag/i_dmi_cdc_i_cdc_resp/i_dst/data_o_16__reg/CLK
-     sg13g2_dfrbp_1  rise   0.009   0.357   0.227  -      (549.120,484.500)   96.000   -       
------------------------------------------------------------------------------------------------------

Timing for timing corner delay_wc:setup.early, min clock_path:
==============================================================

There are no paths in this timing group.

Timing for timing corner delay_wc:setup.early, max clock_path:
==============================================================

There are no paths in this timing group.

Timing for timing corner delay_wc:setup.late, min clock_path:
=============================================================

There are no paths in this timing group.

Timing for timing corner delay_wc:setup.late, max clock_path:
=============================================================

There are no paths in this timing group.

Timing for timing corner delay_bc:hold.early, min clock_path:
=============================================================

There are no paths in this timing group.

Timing for timing corner delay_bc:hold.early, max clock_path:
=============================================================

There are no paths in this timing group.

Timing for timing corner delay_bc:hold.late, min clock_path:
============================================================

There are no paths in this timing group.

Timing for timing corner delay_bc:hold.late, max clock_path:
============================================================

There are no paths in this timing group.

Timing for timing corner delay_wc:setup.early, min clock_path:
==============================================================

There are no paths in this timing group.

Timing for timing corner delay_wc:setup.early, max clock_path:
==============================================================

There are no paths in this timing group.

Timing for timing corner delay_wc:setup.late, min clock_path:
=============================================================

There are no paths in this timing group.

Timing for timing corner delay_wc:setup.late, max clock_path:
=============================================================

There are no paths in this timing group.

Timing for timing corner delay_bc:hold.early, min clock_path:
=============================================================

There are no paths in this timing group.

Timing for timing corner delay_bc:hold.early, max clock_path:
=============================================================

There are no paths in this timing group.

Timing for timing corner delay_bc:hold.late, min clock_path:
============================================================

There are no paths in this timing group.

Timing for timing corner delay_bc:hold.late, max clock_path:
============================================================

There are no paths in this timing group.

Timing for timing corner delay_wc:setup.early, min clock_path:
==============================================================

PathID    : 33
Path type : skew group clk_sys/func_mode_ideal_bc (path 1 of 1)
Start     : clk_i
End       : i_croc_soc/i_croc/i_dm_top_i_dm_top/data_csrs_mem_32__reg/CLK
Delay     :  1.330

-------------------------------------------------------------------------------------------------------
Name  Lib cell        Event  Incr   Arrival  Slew   Cap    Location            Distance  Fanout  Status
                             (ns)   (ns)     (ns)   (pF)                       (um)              
-- Clockpath trace ------------------------------------------------------------------------------------
clk_i
-     -               rise   -       0.000   0.123  0.246  (220.000,1802.400)  -            1    
pad_clk_i/pad
-     sg13g2_IOPadIn  rise   0.005   0.005   0.123  -      (220.000,1802.400)    0.000   -       
pad_clk_i/p2c
-     sg13g2_IOPadIn  rise   0.264   0.269   0.382  0.152  (220.025,1624.045)  178.380      1    
i_croc_soc/CTS_ccl_buf_00495/A
-     sg13g2_buf_8    rise   0.015   0.284   0.251  -      (643.680,1138.020)  909.680   -       
i_croc_soc/CTS_ccl_buf_00495/X
-     sg13g2_buf_8    rise   0.355   0.639   0.283  0.325  (645.600,1137.180)    2.760      7    
i_croc_soc/CTS_ccl_a_buf_00485/A
-     sg13g2_buf_16   rise   0.038   0.677   0.289  -      (728.640,918.780)   301.440   -       
i_croc_soc/CTS_ccl_a_buf_00485/X
-     sg13g2_buf_16   rise   0.287   0.964   0.176  0.368  (720.480,919.620)     9.000     27    
i_croc_soc/i_croc/CTS_ccl_a_buf_00326_clone/A
-     sg13g2_buf_2    rise   0.029   0.993   0.187  -      (707.520,707.100)   225.480   -       
i_croc_soc/i_croc/CTS_ccl_a_buf_00326_clone/X
-     sg13g2_buf_2    rise   0.336   1.328   0.246  0.074  (706.560,706.260)     1.800     15    
i_croc_soc/i_croc/i_dm_top_i_dm_top/data_csrs_mem_32__reg/CLK
-     sg13g2_dfrbp_1  rise   0.002   1.330   0.246  -      (703.200,707.100)     4.200   -       
-------------------------------------------------------------------------------------------------------

Timing for timing corner delay_wc:setup.early, max clock_path:
==============================================================

PathID    : 34
Path type : skew group clk_sys/func_mode_ideal_bc (path 1 of 1)
Start     : clk_i
End       : i_croc_soc/i_croc/i_core_wrap/i_ibex_register_file_i/rf_reg_305__reg/CLK
Delay     :  1.595

-------------------------------------------------------------------------------------------------------
Name  Lib cell        Event  Incr   Arrival  Slew   Cap    Location            Distance  Fanout  Status
                             (ns)   (ns)     (ns)   (pF)                       (um)              
-- Clockpath trace ------------------------------------------------------------------------------------
clk_i
-     -               rise   -       0.000   0.123  0.246  (220.000,1802.400)  -            1    
pad_clk_i/pad
-     sg13g2_IOPadIn  rise   0.005   0.005   0.123  -      (220.000,1802.400)    0.000   -       
pad_clk_i/p2c
-     sg13g2_IOPadIn  rise   0.264   0.269   0.382  0.152  (220.025,1624.045)  178.380      1    
i_croc_soc/CTS_ccl_buf_00495/A
-     sg13g2_buf_8    rise   0.015   0.284   0.251  -      (643.680,1138.020)  909.680   -       
i_croc_soc/CTS_ccl_buf_00495/X
-     sg13g2_buf_8    rise   0.355   0.639   0.283  0.325  (645.600,1137.180)    2.760      7    
i_croc_soc/i_croc/CTS_ccl_a_buf_00489/A
-     sg13g2_buf_16   rise   0.038   0.678   0.289  -      (773.760,926.340)   339.000   -       
i_croc_soc/i_croc/CTS_ccl_a_buf_00489/X
-     sg13g2_buf_16   rise   0.250   0.928   0.173  0.381  (781.920,927.180)     9.000     22    
i_croc_soc/i_croc/i_core_wrap/i_ibex_register_file_i/CTS_ccl_a_buf_00200/A
-     sg13g2_buf_2    rise   0.125   1.052   0.264  -      (1381.920,737.340)  789.840   -       
i_croc_soc/i_croc/i_core_wrap/i_ibex_register_file_i/CTS_ccl_a_buf_00200/X
-     sg13g2_buf_2    rise   0.532   1.584   0.496  0.152  (1380.960,736.500)    1.800     32    
i_croc_soc/i_croc/i_core_wrap/i_ibex_register_file_i/rf_reg_305__reg/CLK
-     sg13g2_dfrbp_1  rise   0.011   1.595   0.497  -      (1452.960,696.180)  112.320   -       
-------------------------------------------------------------------------------------------------------

Timing for timing corner delay_wc:setup.late, min clock_path:
=============================================================

PathID    : 35
Path type : skew group clk_sys/func_mode_ideal_bc (path 1 of 1)
Start     : clk_i
End       : i_croc_soc/i_croc/i_dm_top_i_dm_top/data_csrs_mem_32__reg/CLK
Delay     :  1.333

-------------------------------------------------------------------------------------------------------
Name  Lib cell        Event  Incr   Arrival  Slew   Cap    Location            Distance  Fanout  Status
                             (ns)   (ns)     (ns)   (pF)                       (um)              
-- Clockpath trace ------------------------------------------------------------------------------------
clk_i
-     -               rise   -       0.000   0.148  0.246  (220.000,1802.400)  -            1    
pad_clk_i/pad
-     sg13g2_IOPadIn  rise   0.007   0.007   0.148  -      (220.000,1802.400)    0.000   -       
pad_clk_i/p2c
-     sg13g2_IOPadIn  rise   0.265   0.272   0.383  0.152  (220.025,1624.045)  178.380      1    
i_croc_soc/CTS_ccl_buf_00495/A
-     sg13g2_buf_8    rise   0.015   0.287   0.252  -      (643.680,1138.020)  909.680   -       
i_croc_soc/CTS_ccl_buf_00495/X
-     sg13g2_buf_8    rise   0.356   0.643   0.283  0.325  (645.600,1137.180)    2.760      7    
i_croc_soc/CTS_ccl_a_buf_00485/A
-     sg13g2_buf_16   rise   0.038   0.680   0.289  -      (728.640,918.780)   301.440   -       
i_croc_soc/CTS_ccl_a_buf_00485/X
-     sg13g2_buf_16   rise   0.287   0.968   0.176  0.368  (720.480,919.620)     9.000     27    
i_croc_soc/i_croc/CTS_ccl_a_buf_00326_clone/A
-     sg13g2_buf_2    rise   0.029   0.996   0.187  -      (707.520,707.100)   225.480   -       
i_croc_soc/i_croc/CTS_ccl_a_buf_00326_clone/X
-     sg13g2_buf_2    rise   0.336   1.332   0.246  0.074  (706.560,706.260)     1.800     15    
i_croc_soc/i_croc/i_dm_top_i_dm_top/data_csrs_mem_32__reg/CLK
-     sg13g2_dfrbp_1  rise   0.002   1.333   0.246  -      (703.200,707.100)     4.200   -       
-------------------------------------------------------------------------------------------------------

Timing for timing corner delay_wc:setup.late, max clock_path:
=============================================================

PathID    : 36
Path type : skew group clk_sys/func_mode_ideal_bc (path 1 of 1)
Start     : clk_i
End       : i_croc_soc/i_croc/i_core_wrap/i_ibex_register_file_i/rf_reg_305__reg/CLK
Delay     :  1.599

-------------------------------------------------------------------------------------------------------
Name  Lib cell        Event  Incr   Arrival  Slew   Cap    Location            Distance  Fanout  Status
                             (ns)   (ns)     (ns)   (pF)                       (um)              
-- Clockpath trace ------------------------------------------------------------------------------------
clk_i
-     -               rise   -       0.000   0.148  0.246  (220.000,1802.400)  -            1    
pad_clk_i/pad
-     sg13g2_IOPadIn  rise   0.007   0.007   0.148  -      (220.000,1802.400)    0.000   -       
pad_clk_i/p2c
-     sg13g2_IOPadIn  rise   0.265   0.272   0.383  0.152  (220.025,1624.045)  178.380      1    
i_croc_soc/CTS_ccl_buf_00495/A
-     sg13g2_buf_8    rise   0.015   0.287   0.252  -      (643.680,1138.020)  909.680   -       
i_croc_soc/CTS_ccl_buf_00495/X
-     sg13g2_buf_8    rise   0.356   0.643   0.283  0.325  (645.600,1137.180)    2.760      7    
i_croc_soc/i_croc/CTS_ccl_a_buf_00489/A
-     sg13g2_buf_16   rise   0.038   0.681   0.289  -      (773.760,926.340)   339.000   -       
i_croc_soc/i_croc/CTS_ccl_a_buf_00489/X
-     sg13g2_buf_16   rise   0.250   0.931   0.173  0.381  (781.920,927.180)     9.000     22    
i_croc_soc/i_croc/i_core_wrap/i_ibex_register_file_i/CTS_ccl_a_buf_00200/A
-     sg13g2_buf_2    rise   0.125   1.056   0.264  -      (1381.920,737.340)  789.840   -       
i_croc_soc/i_croc/i_core_wrap/i_ibex_register_file_i/CTS_ccl_a_buf_00200/X
-     sg13g2_buf_2    rise   0.532   1.588   0.496  0.152  (1380.960,736.500)    1.800     32    
i_croc_soc/i_croc/i_core_wrap/i_ibex_register_file_i/rf_reg_305__reg/CLK
-     sg13g2_dfrbp_1  rise   0.011   1.599   0.497  -      (1452.960,696.180)  112.320   -       
-------------------------------------------------------------------------------------------------------

Timing for timing corner delay_bc:hold.early, min clock_path:
=============================================================

PathID    : 37
Path type : skew group clk_sys/func_mode_ideal_bc (path 1 of 1)
Start     : clk_i
End       : i_croc_soc/i_croc/i_dm_top_i_dm_top/data_csrs_mem_32__reg/CLK
Delay     :  0.578

-------------------------------------------------------------------------------------------------------
Name  Lib cell        Event  Incr   Arrival  Slew   Cap    Location            Distance  Fanout  Status
                             (ns)   (ns)     (ns)   (pF)                       (um)              
-- Clockpath trace ------------------------------------------------------------------------------------
clk_i
-     -               rise   -       0.000   0.088  0.241  (220.000,1802.400)  -            1    
pad_clk_i/pad
-     sg13g2_IOPadIn  rise   0.005   0.005   0.088  -      (220.000,1802.400)    0.000   -       
pad_clk_i/p2c
-     sg13g2_IOPadIn  rise   0.106   0.112   0.169  0.153  (220.025,1624.045)  178.380      1    
i_croc_soc/CTS_ccl_buf_00495/A
-     sg13g2_buf_8    rise   0.015   0.127   0.112  -      (643.680,1138.020)  909.680   -       
i_croc_soc/CTS_ccl_buf_00495/X
-     sg13g2_buf_8    rise   0.128   0.255   0.128  0.339  (645.600,1137.180)    2.760      7    
i_croc_soc/CTS_ccl_a_buf_00485/A
-     sg13g2_buf_16   rise   0.041   0.296   0.144  -      (728.640,918.780)   301.440   -       
i_croc_soc/CTS_ccl_a_buf_00485/X
-     sg13g2_buf_16   rise   0.106   0.402   0.076  0.378  (720.480,919.620)     9.000     27    
i_croc_soc/i_croc/CTS_ccl_a_buf_00326_clone/A
-     sg13g2_buf_2    rise   0.029   0.430   0.102  -      (707.520,707.100)   225.480   -       
i_croc_soc/i_croc/CTS_ccl_a_buf_00326_clone/X
-     sg13g2_buf_2    rise   0.146   0.576   0.112  0.079  (706.560,706.260)     1.800     15    
i_croc_soc/i_croc/i_dm_top_i_dm_top/data_csrs_mem_32__reg/CLK
-     sg13g2_dfrbp_1  rise   0.002   0.578   0.113  -      (703.200,707.100)     4.200   -       
-------------------------------------------------------------------------------------------------------

Timing for timing corner delay_bc:hold.early, max clock_path:
=============================================================

PathID    : 38
Path type : skew group clk_sys/func_mode_ideal_bc (path 1 of 1)
Start     : clk_i
End       : i_croc_soc/i_croc/i_core_wrap/i_ibex_register_file_i/rf_reg_305__reg/CLK
Delay     :  0.755

-------------------------------------------------------------------------------------------------------
Name  Lib cell        Event  Incr   Arrival  Slew   Cap    Location            Distance  Fanout  Status
                             (ns)   (ns)     (ns)   (pF)                       (um)              
-- Clockpath trace ------------------------------------------------------------------------------------
clk_i
-     -               rise   -       0.000   0.088  0.241  (220.000,1802.400)  -            1    
pad_clk_i/pad
-     sg13g2_IOPadIn  rise   0.005   0.005   0.088  -      (220.000,1802.400)    0.000   -       
pad_clk_i/p2c
-     sg13g2_IOPadIn  rise   0.106   0.112   0.169  0.153  (220.025,1624.045)  178.380      1    
i_croc_soc/CTS_ccl_buf_00495/A
-     sg13g2_buf_8    rise   0.015   0.127   0.112  -      (643.680,1138.020)  909.680   -       
i_croc_soc/CTS_ccl_buf_00495/X
-     sg13g2_buf_8    rise   0.128   0.255   0.128  0.339  (645.600,1137.180)    2.760      7    
i_croc_soc/i_croc/CTS_ccl_a_buf_00489/A
-     sg13g2_buf_16   rise   0.042   0.297   0.144  -      (773.760,926.340)   339.000   -       
i_croc_soc/i_croc/CTS_ccl_a_buf_00489/X
-     sg13g2_buf_16   rise   0.093   0.390   0.052  0.390  (781.920,927.180)     9.000     22    
i_croc_soc/i_croc/i_core_wrap/i_ibex_register_file_i/CTS_ccl_a_buf_00200/A
-     sg13g2_buf_2    rise   0.112   0.502   0.197  -      (1381.920,737.340)  789.840   -       
i_croc_soc/i_croc/i_core_wrap/i_ibex_register_file_i/CTS_ccl_a_buf_00200/X
-     sg13g2_buf_2    rise   0.240   0.742   0.228  0.165  (1380.960,736.500)    1.800     32    
i_croc_soc/i_croc/i_core_wrap/i_ibex_register_file_i/rf_reg_305__reg/CLK
-     sg13g2_dfrbp_1  rise   0.012   0.755   0.229  -      (1452.960,696.180)  112.320   -       
-------------------------------------------------------------------------------------------------------

Timing for timing corner delay_bc:hold.late, min clock_path:
============================================================

PathID    : 39
Path type : skew group clk_sys/func_mode_ideal_bc (path 1 of 1)
Start     : clk_i
End       : i_croc_soc/i_croc/i_dm_top_i_dm_top/data_csrs_mem_32__reg/CLK
Delay     :  0.579

-------------------------------------------------------------------------------------------------------
Name  Lib cell        Event  Incr   Arrival  Slew   Cap    Location            Distance  Fanout  Status
                             (ns)   (ns)     (ns)   (pF)                       (um)              
-- Clockpath trace ------------------------------------------------------------------------------------
clk_i
-     -               rise   -       0.000   0.105  0.241  (220.000,1802.400)  -            1    
pad_clk_i/pad
-     sg13g2_IOPadIn  rise   0.007   0.007   0.106  -      (220.000,1802.400)    0.000   -       
pad_clk_i/p2c
-     sg13g2_IOPadIn  rise   0.106   0.113   0.169  0.153  (220.025,1624.045)  178.380      1    
i_croc_soc/CTS_ccl_buf_00495/A
-     sg13g2_buf_8    rise   0.015   0.128   0.112  -      (643.680,1138.020)  909.680   -       
i_croc_soc/CTS_ccl_buf_00495/X
-     sg13g2_buf_8    rise   0.128   0.256   0.128  0.339  (645.600,1137.180)    2.760      7    
i_croc_soc/CTS_ccl_a_buf_00485/A
-     sg13g2_buf_16   rise   0.041   0.297   0.144  -      (728.640,918.780)   301.440   -       
i_croc_soc/CTS_ccl_a_buf_00485/X
-     sg13g2_buf_16   rise   0.106   0.403   0.076  0.378  (720.480,919.620)     9.000     27    
i_croc_soc/i_croc/CTS_ccl_a_buf_00326_clone/A
-     sg13g2_buf_2    rise   0.029   0.432   0.102  -      (707.520,707.100)   225.480   -       
i_croc_soc/i_croc/CTS_ccl_a_buf_00326_clone/X
-     sg13g2_buf_2    rise   0.146   0.577   0.112  0.079  (706.560,706.260)     1.800     15    
i_croc_soc/i_croc/i_dm_top_i_dm_top/data_csrs_mem_32__reg/CLK
-     sg13g2_dfrbp_1  rise   0.002   0.579   0.113  -      (703.200,707.100)     4.200   -       
-------------------------------------------------------------------------------------------------------

Timing for timing corner delay_bc:hold.late, max clock_path:
============================================================

PathID    : 40
Path type : skew group clk_sys/func_mode_ideal_bc (path 1 of 1)
Start     : clk_i
End       : i_croc_soc/i_croc/i_core_wrap/i_ibex_register_file_i/rf_reg_305__reg/CLK
Delay     :  0.756

-------------------------------------------------------------------------------------------------------
Name  Lib cell        Event  Incr   Arrival  Slew   Cap    Location            Distance  Fanout  Status
                             (ns)   (ns)     (ns)   (pF)                       (um)              
-- Clockpath trace ------------------------------------------------------------------------------------
clk_i
-     -               rise   -       0.000   0.105  0.241  (220.000,1802.400)  -            1    
pad_clk_i/pad
-     sg13g2_IOPadIn  rise   0.007   0.007   0.106  -      (220.000,1802.400)    0.000   -       
pad_clk_i/p2c
-     sg13g2_IOPadIn  rise   0.106   0.113   0.169  0.153  (220.025,1624.045)  178.380      1    
i_croc_soc/CTS_ccl_buf_00495/A
-     sg13g2_buf_8    rise   0.015   0.128   0.112  -      (643.680,1138.020)  909.680   -       
i_croc_soc/CTS_ccl_buf_00495/X
-     sg13g2_buf_8    rise   0.128   0.256   0.128  0.339  (645.600,1137.180)    2.760      7    
i_croc_soc/i_croc/CTS_ccl_a_buf_00489/A
-     sg13g2_buf_16   rise   0.042   0.298   0.144  -      (773.760,926.340)   339.000   -       
i_croc_soc/i_croc/CTS_ccl_a_buf_00489/X
-     sg13g2_buf_16   rise   0.093   0.391   0.052  0.390  (781.920,927.180)     9.000     22    
i_croc_soc/i_croc/i_core_wrap/i_ibex_register_file_i/CTS_ccl_a_buf_00200/A
-     sg13g2_buf_2    rise   0.112   0.503   0.197  -      (1381.920,737.340)  789.840   -       
i_croc_soc/i_croc/i_core_wrap/i_ibex_register_file_i/CTS_ccl_a_buf_00200/X
-     sg13g2_buf_2    rise   0.240   0.744   0.228  0.165  (1380.960,736.500)    1.800     32    
i_croc_soc/i_croc/i_core_wrap/i_ibex_register_file_i/rf_reg_305__reg/CLK
-     sg13g2_dfrbp_1  rise   0.012   0.756   0.229  -      (1452.960,696.180)  112.320   -       
-------------------------------------------------------------------------------------------------------

Timing for timing corner delay_wc:setup.early, min clock_path:
==============================================================

PathID    : 41
Path type : skew group clk_sys/func_mode_ideal_wc (path 1 of 1)
Start     : clk_i
End       : i_croc_soc/i_croc/i_dm_top_i_dm_top/data_csrs_mem_32__reg/CLK
Delay     :  1.330

-------------------------------------------------------------------------------------------------------
Name  Lib cell        Event  Incr   Arrival  Slew   Cap    Location            Distance  Fanout  Status
                             (ns)   (ns)     (ns)   (pF)                       (um)              
-- Clockpath trace ------------------------------------------------------------------------------------
clk_i
-     -               rise   -       0.000   0.123  0.246  (220.000,1802.400)  -            1    
pad_clk_i/pad
-     sg13g2_IOPadIn  rise   0.005   0.005   0.123  -      (220.000,1802.400)    0.000   -       
pad_clk_i/p2c
-     sg13g2_IOPadIn  rise   0.264   0.269   0.382  0.152  (220.025,1624.045)  178.380      1    
i_croc_soc/CTS_ccl_buf_00495/A
-     sg13g2_buf_8    rise   0.015   0.284   0.251  -      (643.680,1138.020)  909.680   -       
i_croc_soc/CTS_ccl_buf_00495/X
-     sg13g2_buf_8    rise   0.355   0.639   0.283  0.325  (645.600,1137.180)    2.760      7    
i_croc_soc/CTS_ccl_a_buf_00485/A
-     sg13g2_buf_16   rise   0.038   0.677   0.289  -      (728.640,918.780)   301.440   -       
i_croc_soc/CTS_ccl_a_buf_00485/X
-     sg13g2_buf_16   rise   0.287   0.964   0.176  0.368  (720.480,919.620)     9.000     27    
i_croc_soc/i_croc/CTS_ccl_a_buf_00326_clone/A
-     sg13g2_buf_2    rise   0.029   0.993   0.187  -      (707.520,707.100)   225.480   -       
i_croc_soc/i_croc/CTS_ccl_a_buf_00326_clone/X
-     sg13g2_buf_2    rise   0.336   1.328   0.246  0.074  (706.560,706.260)     1.800     15    
i_croc_soc/i_croc/i_dm_top_i_dm_top/data_csrs_mem_32__reg/CLK
-     sg13g2_dfrbp_1  rise   0.002   1.330   0.246  -      (703.200,707.100)     4.200   -       
-------------------------------------------------------------------------------------------------------

Timing for timing corner delay_wc:setup.early, max clock_path:
==============================================================

PathID    : 42
Path type : skew group clk_sys/func_mode_ideal_wc (path 1 of 1)
Start     : clk_i
End       : i_croc_soc/i_croc/i_core_wrap/i_ibex_register_file_i/rf_reg_305__reg/CLK
Delay     :  1.595

-------------------------------------------------------------------------------------------------------
Name  Lib cell        Event  Incr   Arrival  Slew   Cap    Location            Distance  Fanout  Status
                             (ns)   (ns)     (ns)   (pF)                       (um)              
-- Clockpath trace ------------------------------------------------------------------------------------
clk_i
-     -               rise   -       0.000   0.123  0.246  (220.000,1802.400)  -            1    
pad_clk_i/pad
-     sg13g2_IOPadIn  rise   0.005   0.005   0.123  -      (220.000,1802.400)    0.000   -       
pad_clk_i/p2c
-     sg13g2_IOPadIn  rise   0.264   0.269   0.382  0.152  (220.025,1624.045)  178.380      1    
i_croc_soc/CTS_ccl_buf_00495/A
-     sg13g2_buf_8    rise   0.015   0.284   0.251  -      (643.680,1138.020)  909.680   -       
i_croc_soc/CTS_ccl_buf_00495/X
-     sg13g2_buf_8    rise   0.355   0.639   0.283  0.325  (645.600,1137.180)    2.760      7    
i_croc_soc/i_croc/CTS_ccl_a_buf_00489/A
-     sg13g2_buf_16   rise   0.038   0.678   0.289  -      (773.760,926.340)   339.000   -       
i_croc_soc/i_croc/CTS_ccl_a_buf_00489/X
-     sg13g2_buf_16   rise   0.250   0.928   0.173  0.381  (781.920,927.180)     9.000     22    
i_croc_soc/i_croc/i_core_wrap/i_ibex_register_file_i/CTS_ccl_a_buf_00200/A
-     sg13g2_buf_2    rise   0.125   1.052   0.264  -      (1381.920,737.340)  789.840   -       
i_croc_soc/i_croc/i_core_wrap/i_ibex_register_file_i/CTS_ccl_a_buf_00200/X
-     sg13g2_buf_2    rise   0.532   1.584   0.496  0.152  (1380.960,736.500)    1.800     32    
i_croc_soc/i_croc/i_core_wrap/i_ibex_register_file_i/rf_reg_305__reg/CLK
-     sg13g2_dfrbp_1  rise   0.011   1.595   0.497  -      (1452.960,696.180)  112.320   -       
-------------------------------------------------------------------------------------------------------

Timing for timing corner delay_wc:setup.late, min clock_path:
=============================================================

PathID    : 43
Path type : skew group clk_sys/func_mode_ideal_wc (path 1 of 1)
Start     : clk_i
End       : i_croc_soc/i_croc/i_dm_top_i_dm_top/data_csrs_mem_32__reg/CLK
Delay     :  1.333

-------------------------------------------------------------------------------------------------------
Name  Lib cell        Event  Incr   Arrival  Slew   Cap    Location            Distance  Fanout  Status
                             (ns)   (ns)     (ns)   (pF)                       (um)              
-- Clockpath trace ------------------------------------------------------------------------------------
clk_i
-     -               rise   -       0.000   0.148  0.246  (220.000,1802.400)  -            1    
pad_clk_i/pad
-     sg13g2_IOPadIn  rise   0.007   0.007   0.148  -      (220.000,1802.400)    0.000   -       
pad_clk_i/p2c
-     sg13g2_IOPadIn  rise   0.265   0.272   0.383  0.152  (220.025,1624.045)  178.380      1    
i_croc_soc/CTS_ccl_buf_00495/A
-     sg13g2_buf_8    rise   0.015   0.287   0.252  -      (643.680,1138.020)  909.680   -       
i_croc_soc/CTS_ccl_buf_00495/X
-     sg13g2_buf_8    rise   0.356   0.643   0.283  0.325  (645.600,1137.180)    2.760      7    
i_croc_soc/CTS_ccl_a_buf_00485/A
-     sg13g2_buf_16   rise   0.038   0.680   0.289  -      (728.640,918.780)   301.440   -       
i_croc_soc/CTS_ccl_a_buf_00485/X
-     sg13g2_buf_16   rise   0.287   0.968   0.176  0.368  (720.480,919.620)     9.000     27    
i_croc_soc/i_croc/CTS_ccl_a_buf_00326_clone/A
-     sg13g2_buf_2    rise   0.029   0.996   0.187  -      (707.520,707.100)   225.480   -       
i_croc_soc/i_croc/CTS_ccl_a_buf_00326_clone/X
-     sg13g2_buf_2    rise   0.336   1.332   0.246  0.074  (706.560,706.260)     1.800     15    
i_croc_soc/i_croc/i_dm_top_i_dm_top/data_csrs_mem_32__reg/CLK
-     sg13g2_dfrbp_1  rise   0.002   1.333   0.246  -      (703.200,707.100)     4.200   -       
-------------------------------------------------------------------------------------------------------

Timing for timing corner delay_wc:setup.late, max clock_path:
=============================================================

PathID    : 44
Path type : skew group clk_sys/func_mode_ideal_wc (path 1 of 1)
Start     : clk_i
End       : i_croc_soc/i_croc/i_core_wrap/i_ibex_register_file_i/rf_reg_305__reg/CLK
Delay     :  1.599

-------------------------------------------------------------------------------------------------------
Name  Lib cell        Event  Incr   Arrival  Slew   Cap    Location            Distance  Fanout  Status
                             (ns)   (ns)     (ns)   (pF)                       (um)              
-- Clockpath trace ------------------------------------------------------------------------------------
clk_i
-     -               rise   -       0.000   0.148  0.246  (220.000,1802.400)  -            1    
pad_clk_i/pad
-     sg13g2_IOPadIn  rise   0.007   0.007   0.148  -      (220.000,1802.400)    0.000   -       
pad_clk_i/p2c
-     sg13g2_IOPadIn  rise   0.265   0.272   0.383  0.152  (220.025,1624.045)  178.380      1    
i_croc_soc/CTS_ccl_buf_00495/A
-     sg13g2_buf_8    rise   0.015   0.287   0.252  -      (643.680,1138.020)  909.680   -       
i_croc_soc/CTS_ccl_buf_00495/X
-     sg13g2_buf_8    rise   0.356   0.643   0.283  0.325  (645.600,1137.180)    2.760      7    
i_croc_soc/i_croc/CTS_ccl_a_buf_00489/A
-     sg13g2_buf_16   rise   0.038   0.681   0.289  -      (773.760,926.340)   339.000   -       
i_croc_soc/i_croc/CTS_ccl_a_buf_00489/X
-     sg13g2_buf_16   rise   0.250   0.931   0.173  0.381  (781.920,927.180)     9.000     22    
i_croc_soc/i_croc/i_core_wrap/i_ibex_register_file_i/CTS_ccl_a_buf_00200/A
-     sg13g2_buf_2    rise   0.125   1.056   0.264  -      (1381.920,737.340)  789.840   -       
i_croc_soc/i_croc/i_core_wrap/i_ibex_register_file_i/CTS_ccl_a_buf_00200/X
-     sg13g2_buf_2    rise   0.532   1.588   0.496  0.152  (1380.960,736.500)    1.800     32    
i_croc_soc/i_croc/i_core_wrap/i_ibex_register_file_i/rf_reg_305__reg/CLK
-     sg13g2_dfrbp_1  rise   0.011   1.599   0.497  -      (1452.960,696.180)  112.320   -       
-------------------------------------------------------------------------------------------------------

Timing for timing corner delay_bc:hold.early, min clock_path:
=============================================================

PathID    : 45
Path type : skew group clk_sys/func_mode_ideal_wc (path 1 of 1)
Start     : clk_i
End       : i_croc_soc/i_croc/i_dm_top_i_dm_top/data_csrs_mem_32__reg/CLK
Delay     :  0.578

-------------------------------------------------------------------------------------------------------
Name  Lib cell        Event  Incr   Arrival  Slew   Cap    Location            Distance  Fanout  Status
                             (ns)   (ns)     (ns)   (pF)                       (um)              
-- Clockpath trace ------------------------------------------------------------------------------------
clk_i
-     -               rise   -       0.000   0.088  0.241  (220.000,1802.400)  -            1    
pad_clk_i/pad
-     sg13g2_IOPadIn  rise   0.005   0.005   0.088  -      (220.000,1802.400)    0.000   -       
pad_clk_i/p2c
-     sg13g2_IOPadIn  rise   0.106   0.112   0.169  0.153  (220.025,1624.045)  178.380      1    
i_croc_soc/CTS_ccl_buf_00495/A
-     sg13g2_buf_8    rise   0.015   0.127   0.112  -      (643.680,1138.020)  909.680   -       
i_croc_soc/CTS_ccl_buf_00495/X
-     sg13g2_buf_8    rise   0.128   0.255   0.128  0.339  (645.600,1137.180)    2.760      7    
i_croc_soc/CTS_ccl_a_buf_00485/A
-     sg13g2_buf_16   rise   0.041   0.296   0.144  -      (728.640,918.780)   301.440   -       
i_croc_soc/CTS_ccl_a_buf_00485/X
-     sg13g2_buf_16   rise   0.106   0.402   0.076  0.378  (720.480,919.620)     9.000     27    
i_croc_soc/i_croc/CTS_ccl_a_buf_00326_clone/A
-     sg13g2_buf_2    rise   0.029   0.430   0.102  -      (707.520,707.100)   225.480   -       
i_croc_soc/i_croc/CTS_ccl_a_buf_00326_clone/X
-     sg13g2_buf_2    rise   0.146   0.576   0.112  0.079  (706.560,706.260)     1.800     15    
i_croc_soc/i_croc/i_dm_top_i_dm_top/data_csrs_mem_32__reg/CLK
-     sg13g2_dfrbp_1  rise   0.002   0.578   0.113  -      (703.200,707.100)     4.200   -       
-------------------------------------------------------------------------------------------------------

Timing for timing corner delay_bc:hold.early, max clock_path:
=============================================================

PathID    : 46
Path type : skew group clk_sys/func_mode_ideal_wc (path 1 of 1)
Start     : clk_i
End       : i_croc_soc/i_croc/i_core_wrap/i_ibex_register_file_i/rf_reg_305__reg/CLK
Delay     :  0.755

-------------------------------------------------------------------------------------------------------
Name  Lib cell        Event  Incr   Arrival  Slew   Cap    Location            Distance  Fanout  Status
                             (ns)   (ns)     (ns)   (pF)                       (um)              
-- Clockpath trace ------------------------------------------------------------------------------------
clk_i
-     -               rise   -       0.000   0.088  0.241  (220.000,1802.400)  -            1    
pad_clk_i/pad
-     sg13g2_IOPadIn  rise   0.005   0.005   0.088  -      (220.000,1802.400)    0.000   -       
pad_clk_i/p2c
-     sg13g2_IOPadIn  rise   0.106   0.112   0.169  0.153  (220.025,1624.045)  178.380      1    
i_croc_soc/CTS_ccl_buf_00495/A
-     sg13g2_buf_8    rise   0.015   0.127   0.112  -      (643.680,1138.020)  909.680   -       
i_croc_soc/CTS_ccl_buf_00495/X
-     sg13g2_buf_8    rise   0.128   0.255   0.128  0.339  (645.600,1137.180)    2.760      7    
i_croc_soc/i_croc/CTS_ccl_a_buf_00489/A
-     sg13g2_buf_16   rise   0.042   0.297   0.144  -      (773.760,926.340)   339.000   -       
i_croc_soc/i_croc/CTS_ccl_a_buf_00489/X
-     sg13g2_buf_16   rise   0.093   0.390   0.052  0.390  (781.920,927.180)     9.000     22    
i_croc_soc/i_croc/i_core_wrap/i_ibex_register_file_i/CTS_ccl_a_buf_00200/A
-     sg13g2_buf_2    rise   0.112   0.502   0.197  -      (1381.920,737.340)  789.840   -       
i_croc_soc/i_croc/i_core_wrap/i_ibex_register_file_i/CTS_ccl_a_buf_00200/X
-     sg13g2_buf_2    rise   0.240   0.742   0.228  0.165  (1380.960,736.500)    1.800     32    
i_croc_soc/i_croc/i_core_wrap/i_ibex_register_file_i/rf_reg_305__reg/CLK
-     sg13g2_dfrbp_1  rise   0.012   0.755   0.229  -      (1452.960,696.180)  112.320   -       
-------------------------------------------------------------------------------------------------------

Timing for timing corner delay_bc:hold.late, min clock_path:
============================================================

PathID    : 47
Path type : skew group clk_sys/func_mode_ideal_wc (path 1 of 1)
Start     : clk_i
End       : i_croc_soc/i_croc/i_dm_top_i_dm_top/data_csrs_mem_32__reg/CLK
Delay     :  0.579

-------------------------------------------------------------------------------------------------------
Name  Lib cell        Event  Incr   Arrival  Slew   Cap    Location            Distance  Fanout  Status
                             (ns)   (ns)     (ns)   (pF)                       (um)              
-- Clockpath trace ------------------------------------------------------------------------------------
clk_i
-     -               rise   -       0.000   0.105  0.241  (220.000,1802.400)  -            1    
pad_clk_i/pad
-     sg13g2_IOPadIn  rise   0.007   0.007   0.106  -      (220.000,1802.400)    0.000   -       
pad_clk_i/p2c
-     sg13g2_IOPadIn  rise   0.106   0.113   0.169  0.153  (220.025,1624.045)  178.380      1    
i_croc_soc/CTS_ccl_buf_00495/A
-     sg13g2_buf_8    rise   0.015   0.128   0.112  -      (643.680,1138.020)  909.680   -       
i_croc_soc/CTS_ccl_buf_00495/X
-     sg13g2_buf_8    rise   0.128   0.256   0.128  0.339  (645.600,1137.180)    2.760      7    
i_croc_soc/CTS_ccl_a_buf_00485/A
-     sg13g2_buf_16   rise   0.041   0.297   0.144  -      (728.640,918.780)   301.440   -       
i_croc_soc/CTS_ccl_a_buf_00485/X
-     sg13g2_buf_16   rise   0.106   0.403   0.076  0.378  (720.480,919.620)     9.000     27    
i_croc_soc/i_croc/CTS_ccl_a_buf_00326_clone/A
-     sg13g2_buf_2    rise   0.029   0.432   0.102  -      (707.520,707.100)   225.480   -       
i_croc_soc/i_croc/CTS_ccl_a_buf_00326_clone/X
-     sg13g2_buf_2    rise   0.146   0.577   0.112  0.079  (706.560,706.260)     1.800     15    
i_croc_soc/i_croc/i_dm_top_i_dm_top/data_csrs_mem_32__reg/CLK
-     sg13g2_dfrbp_1  rise   0.002   0.579   0.113  -      (703.200,707.100)     4.200   -       
-------------------------------------------------------------------------------------------------------

Timing for timing corner delay_bc:hold.late, max clock_path:
============================================================

PathID    : 48
Path type : skew group clk_sys/func_mode_ideal_wc (path 1 of 1)
Start     : clk_i
End       : i_croc_soc/i_croc/i_core_wrap/i_ibex_register_file_i/rf_reg_305__reg/CLK
Delay     :  0.756

-------------------------------------------------------------------------------------------------------
Name  Lib cell        Event  Incr   Arrival  Slew   Cap    Location            Distance  Fanout  Status
                             (ns)   (ns)     (ns)   (pF)                       (um)              
-- Clockpath trace ------------------------------------------------------------------------------------
clk_i
-     -               rise   -       0.000   0.105  0.241  (220.000,1802.400)  -            1    
pad_clk_i/pad
-     sg13g2_IOPadIn  rise   0.007   0.007   0.106  -      (220.000,1802.400)    0.000   -       
pad_clk_i/p2c
-     sg13g2_IOPadIn  rise   0.106   0.113   0.169  0.153  (220.025,1624.045)  178.380      1    
i_croc_soc/CTS_ccl_buf_00495/A
-     sg13g2_buf_8    rise   0.015   0.128   0.112  -      (643.680,1138.020)  909.680   -       
i_croc_soc/CTS_ccl_buf_00495/X
-     sg13g2_buf_8    rise   0.128   0.256   0.128  0.339  (645.600,1137.180)    2.760      7    
i_croc_soc/i_croc/CTS_ccl_a_buf_00489/A
-     sg13g2_buf_16   rise   0.042   0.298   0.144  -      (773.760,926.340)   339.000   -       
i_croc_soc/i_croc/CTS_ccl_a_buf_00489/X
-     sg13g2_buf_16   rise   0.093   0.391   0.052  0.390  (781.920,927.180)     9.000     22    
i_croc_soc/i_croc/i_core_wrap/i_ibex_register_file_i/CTS_ccl_a_buf_00200/A
-     sg13g2_buf_2    rise   0.112   0.503   0.197  -      (1381.920,737.340)  789.840   -       
i_croc_soc/i_croc/i_core_wrap/i_ibex_register_file_i/CTS_ccl_a_buf_00200/X
-     sg13g2_buf_2    rise   0.240   0.744   0.228  0.165  (1380.960,736.500)    1.800     32    
i_croc_soc/i_croc/i_core_wrap/i_ibex_register_file_i/rf_reg_305__reg/CLK
-     sg13g2_dfrbp_1  rise   0.012   0.756   0.229  -      (1452.960,696.180)  112.320   -       
-------------------------------------------------------------------------------------------------------

